# JRE version: OpenJDK Runtime Environment (17.0.6) (build 17.0.6+0-b2043.56-10027231)
# Java VM: OpenJDK 64-Bit Server VM (17.0.6+0-b2043.56-10027231, mixed mode, tiered, compressed oops, compressed class ptrs, g1 gc, windows-amd64)
GC Precious Log:
 CPUs: 4 total, 4 available
 Memory: 7998M
 Large Page Support: Disabled
 NUMA Support: Disabled
 Compressed Oops: Enabled (32-bit)
 Heap Region Size: 1M
 Heap Min Capacity: 8M
 Heap Initial Capacity: 126M
 Heap Max Capacity: 2G
 Pre-touch: Disabled
 Parallel Workers: 4
 Concurrent Workers: 1
 Concurrent Refinement Workers: 4
 Periodic GC: Disabled
Heap:
 garbage-first heap   total 68608K, used 31172K [0x0000000080000000, 0x0000000100000000)
  region size 1024K, 3 young (3072K), 2 survivors (2048K)
 Metaspace       used 43904K, committed 44288K, reserved 1089536K
  class space    used 5712K, committed 5888K, reserved 1048576K
GC Heap History (20 events):
Event: 1.478 GC heap before
{Heap before GC invocations=1 (full 0):
 garbage-first heap   total 129024K, used 22121K [0x0000000080000000, 0x0000000100000000)
  region size 1024K, 17 young (17408K), 2 survivors (2048K)
 Metaspace       used 11107K, committed 11264K, reserved 1064960K
  class space    used 1160K, committed 1280K, reserved 1048576K
}
Event: 1.482 GC heap after
{Heap after GC invocations=2 (full 0):
 garbage-first heap   total 129024K, used 10364K [0x0000000080000000, 0x0000000100000000)
  region size 1024K, 3 young (3072K), 3 survivors (3072K)
 Metaspace       used 11107K, committed 11264K, reserved 1064960K
  class space    used 1160K, committed 1280K, reserved 1048576K
}
Event: 2.058 GC heap before
{Heap before GC invocations=2 (full 0):
 garbage-first heap   total 129024K, used 32892K [0x0000000080000000, 0x0000000100000000)
  region size 1024K, 25 young (25600K), 3 survivors (3072K)
 Metaspace       used 11222K, committed 11456K, reserved 1064960K
  class space    used 1162K, committed 1280K, reserved 1048576K
}
Event: 2.061 GC heap after
{Heap after GC invocations=3 (full 0):
 garbage-first heap   total 129024K, used 13580K [0x0000000080000000, 0x0000000100000000)
  region size 1024K, 3 young (3072K), 3 survivors (3072K)
 Metaspace       used 11222K, committed 11456K, reserved 1064960K
  class space    used 1162K, committed 1280K, reserved 1048576K
}
Event: 3.612 GC heap before
{Heap before GC invocations=3 (full 0):
 garbage-first heap   total 129024K, used 52492K [0x0000000080000000, 0x0000000100000000)
  region size 1024K, 42 young (43008K), 3 survivors (3072K)
 Metaspace       used 21244K, committed 21504K, reserved 1073152K
  class space    used 2578K, committed 2752K, reserved 1048576K
}
Event: 3.619 GC heap after
{Heap after GC invocations=4 (full 0):
 garbage-first heap   total 129024K, used 18421K [0x0000000080000000, 0x0000000100000000)
  region size 1024K, 8 young (8192K), 8 survivors (8192K)
 Metaspace       used 21244K, committed 21504K, reserved 1073152K
  class space    used 2578K, committed 2752K, reserved 1048576K
}
Event: 4.848 GC heap before
{Heap before GC invocations=5 (full 0):
 garbage-first heap   total 68608K, used 50165K [0x0000000080000000, 0x0000000100000000)
  region size 1024K, 40 young (40960K), 8 survivors (8192K)
 Metaspace       used 26491K, committed 26816K, reserved 1073152K
  class space    used 3484K, committed 3648K, reserved 1048576K
}
Event: 4.855 GC heap after
{Heap after GC invocations=6 (full 0):
 garbage-first heap   total 68608K, used 20662K [0x0000000080000000, 0x0000000100000000)
  region size 1024K, 3 young (3072K), 3 survivors (3072K)
 Metaspace       used 26491K, committed 26816K, reserved 1073152K
  class space    used 3484K, committed 3648K, reserved 1048576K
}
Event: 5.867 GC heap before
{Heap before GC invocations=6 (full 0):
 garbage-first heap   total 68608K, used 47286K [0x0000000080000000, 0x0000000100000000)
  region size 1024K, 29 young (29696K), 3 survivors (3072K)
 Metaspace       used 30634K, committed 30976K, reserved 1081344K
  class space    used 4157K, committed 4288K, reserved 1048576K
}
Event: 5.871 GC heap after
{Heap after GC invocations=7 (full 0):
 garbage-first heap   total 68608K, used 21810K [0x0000000080000000, 0x0000000100000000)
  region size 1024K, 4 young (4096K), 4 survivors (4096K)
 Metaspace       used 30634K, committed 30976K, reserved 1081344K
  class space    used 4157K, committed 4288K, reserved 1048576K
}
Event: 7.237 GC heap before
{Heap before GC invocations=7 (full 0):
 garbage-first heap   total 68608K, used 48434K [0x0000000080000000, 0x0000000100000000)
  region size 1024K, 30 young (30720K), 4 survivors (4096K)
 Metaspace       used 35247K, committed 35648K, reserved 1081344K
  class space    used 4859K, committed 5056K, reserved 1048576K
}
Event: 7.245 GC heap after
{Heap after GC invocations=8 (full 0):
 garbage-first heap   total 68608K, used 23770K [0x0000000080000000, 0x0000000100000000)
  region size 1024K, 4 young (4096K), 4 survivors (4096K)
 Metaspace       used 35247K, committed 35648K, reserved 1081344K
  class space    used 4859K, committed 5056K, reserved 1048576K
}
Event: 7.344 GC heap before
{Heap before GC invocations=8 (full 0):
 garbage-first heap   total 68608K, used 24794K [0x0000000080000000, 0x0000000100000000)
  region size 1024K, 6 young (6144K), 4 survivors (4096K)
 Metaspace       used 35735K, committed 36096K, reserved 1081344K
  class space    used 4880K, committed 5056K, reserved 1048576K
}
Event: 7.350 GC heap after
{Heap after GC invocations=9 (full 0):
 garbage-first heap   total 68608K, used 23948K [0x0000000080000000, 0x0000000100000000)
  region size 1024K, 3 young (3072K), 3 survivors (3072K)
 Metaspace       used 35735K, committed 36096K, reserved 1081344K
  class space    used 4880K, committed 5056K, reserved 1048576K
}
Event: 8.529 GC heap before
{Heap before GC invocations=10 (full 0):
 garbage-first heap   total 68608K, used 45452K [0x0000000080000000, 0x0000000100000000)
  region size 1024K, 25 young (25600K), 3 survivors (3072K)
 Metaspace       used 40435K, committed 40768K, reserved 1089536K
  class space    used 5356K, committed 5504K, reserved 1048576K
}
Event: 8.536 GC heap after
{Heap after GC invocations=11 (full 0):
 garbage-first heap   total 68608K, used 27453K [0x0000000080000000, 0x0000000100000000)
  region size 1024K, 4 young (4096K), 4 survivors (4096K)
 Metaspace       used 40435K, committed 40768K, reserved 1089536K
  class space    used 5356K, committed 5504K, reserved 1048576K
}
Event: 9.041 GC heap before
{Heap before GC invocations=11 (full 0):
 garbage-first heap   total 68608K, used 51005K [0x0000000080000000, 0x0000000100000000)
  region size 1024K, 24 young (24576K), 4 survivors (4096K)
 Metaspace       used 42356K, committed 42688K, reserved 1089536K
  class space    used 5521K, committed 5632K, reserved 1048576K
}
Event: 9.046 GC heap after
{Heap after GC invocations=12 (full 0):
 garbage-first heap   total 68608K, used 28824K [0x0000000080000000, 0x0000000100000000)
  region size 1024K, 3 young (3072K), 3 survivors (3072K)
 Metaspace       used 42356K, committed 42688K, reserved 1089536K
  class space    used 5521K, committed 5632K, reserved 1048576K
}
Event: 10.136 GC heap before
{Heap before GC invocations=12 (full 0):
 garbage-first heap   total 68608K, used 48280K [0x0000000080000000, 0x0000000100000000)
  region size 1024K, 23 young (23552K), 3 survivors (3072K)
 Metaspace       used 43607K, committed 44032K, reserved 1089536K
  class space    used 5712K, committed 5888K, reserved 1048576K
}
Event: 10.142 GC heap after
{Heap after GC invocations=13 (full 0):
 garbage-first heap   total 68608K, used 30148K [0x0000000080000000, 0x0000000100000000)
  region size 1024K, 2 young (2048K), 2 survivors (2048K)
 Metaspace       used 43607K, committed 44032K, reserved 1089536K
  class space    used 5712K, committed 5888K, reserved 1048576K
}

