# JRE version: OpenJDK Runtime Environment (17.0.6) (build 17.0.6+0-b2043.56-10027231)
# Java VM: OpenJDK 64-Bit Server VM (17.0.6+0-b2043.56-10027231, mixed mode, tiered, compressed oops, compressed class ptrs, g1 gc, windows-amd64)
GC Precious Log:
 CPUs: 4 total, 4 available
 Memory: 7998M
 Large Page Support: Disabled
 NUMA Support: Disabled
 Compressed Oops: Enabled (32-bit)
 Heap Region Size: 1M
 Heap Min Capacity: 8M
 Heap Initial Capacity: 126M
 Heap Max Capacity: 2G
 Pre-touch: Disabled
 Parallel Workers: 4
 Concurrent Workers: 1
 Concurrent Refinement Workers: 4
 Periodic GC: Disabled
Heap:
 garbage-first heap   total 510976K, used 233122K [0x0000000080000000, 0x0000000100000000)
  region size 1024K, 9 young (9216K), 9 survivors (9216K)
 Metaspace       used 152546K, committed 153984K, reserved 1187840K
  class space    used 19722K, committed 20608K, reserved 1048576K
GC Heap History (20 events):
Event: 3620.781 GC heap after
{Heap after GC invocations=72 (full 0):
 garbage-first heap   total 450560K, used 233947K [0x0000000080000000, 0x0000000100000000)
  region size 1024K, 11 young (11264K), 11 survivors (11264K)
 Metaspace       used 151444K, committed 152960K, reserved 1187840K
  class space    used 19889K, committed 20608K, reserved 1048576K
}
Event: 4755.150 GC heap before
{Heap before GC invocations=73 (full 0):
 garbage-first heap   total 450560K, used 359899K [0x0000000080000000, 0x0000000100000000)
  region size 1024K, 141 young (144384K), 11 survivors (11264K)
 Metaspace       used 150796K, committed 152832K, reserved 1187840K
  class space    used 19661K, committed 20608K, reserved 1048576K
}
Event: 4755.205 GC heap after
{Heap after GC invocations=74 (full 0):
 garbage-first heap   total 450560K, used 228791K [0x0000000080000000, 0x0000000100000000)
  region size 1024K, 10 young (10240K), 10 survivors (10240K)
 Metaspace       used 150796K, committed 152832K, reserved 1187840K
  class space    used 19661K, committed 20608K, reserved 1048576K
}
Event: 5050.983 GC heap before
{Heap before GC invocations=74 (full 0):
 garbage-first heap   total 450560K, used 241079K [0x0000000080000000, 0x0000000100000000)
  region size 1024K, 22 young (22528K), 10 survivors (10240K)
 Metaspace       used 150797K, committed 152832K, reserved 1187840K
  class space    used 19661K, committed 20608K, reserved 1048576K
}
Event: 5051.254 GC heap after
{Heap after GC invocations=75 (full 0):
 garbage-first heap   total 450560K, used 212790K [0x0000000080000000, 0x0000000100000000)
  region size 1024K, 2 young (2048K), 2 survivors (2048K)
 Metaspace       used 150797K, committed 152832K, reserved 1187840K
  class space    used 19661K, committed 20608K, reserved 1048576K
}
Event: 5510.158 GC heap before
{Heap before GC invocations=75 (full 0):
 garbage-first heap   total 450560K, used 362294K [0x0000000080000000, 0x0000000100000000)
  region size 1024K, 150 young (153600K), 2 survivors (2048K)
 Metaspace       used 151082K, committed 152896K, reserved 1187840K
  class space    used 19683K, committed 20608K, reserved 1048576K
}
Event: 5510.211 GC heap after
{Heap after GC invocations=76 (full 0):
 garbage-first heap   total 450560K, used 222574K [0x0000000080000000, 0x0000000100000000)
  region size 1024K, 11 young (11264K), 11 survivors (11264K)
 Metaspace       used 151082K, committed 152896K, reserved 1187840K
  class space    used 19683K, committed 20608K, reserved 1048576K
}
Event: 5515.792 GC heap before
{Heap before GC invocations=77 (full 0):
 garbage-first heap   total 491520K, used 386414K [0x0000000080000000, 0x0000000100000000)
  region size 1024K, 153 young (156672K), 11 survivors (11264K)
 Metaspace       used 151897K, committed 153344K, reserved 1187840K
  class space    used 19709K, committed 20608K, reserved 1048576K
}
Event: 5515.885 GC heap after
{Heap after GC invocations=78 (full 0):
 garbage-first heap   total 491520K, used 227766K [0x0000000080000000, 0x0000000100000000)
  region size 1024K, 6 young (6144K), 6 survivors (6144K)
 Metaspace       used 151897K, committed 153344K, reserved 1187840K
  class space    used 19709K, committed 20608K, reserved 1048576K
}
Event: 5516.688 GC heap before
{Heap before GC invocations=78 (full 0):
 garbage-first heap   total 491520K, used 245174K [0x0000000080000000, 0x0000000100000000)
  region size 1024K, 24 young (24576K), 6 survivors (6144K)
 Metaspace       used 151986K, committed 153408K, reserved 1187840K
  class space    used 19709K, committed 20608K, reserved 1048576K
}
Event: 5516.806 GC heap after
{Heap after GC invocations=79 (full 0):
 garbage-first heap   total 491520K, used 216364K [0x0000000080000000, 0x0000000100000000)
  region size 1024K, 2 young (2048K), 2 survivors (2048K)
 Metaspace       used 151986K, committed 153408K, reserved 1187840K
  class space    used 19709K, committed 20608K, reserved 1048576K
}
Event: 5517.132 GC heap before
{Heap before GC invocations=79 (full 0):
 garbage-first heap   total 491520K, used 239916K [0x0000000080000000, 0x0000000100000000)
  region size 1024K, 24 young (24576K), 2 survivors (2048K)
 Metaspace       used 152018K, committed 153472K, reserved 1187840K
  class space    used 19709K, committed 20608K, reserved 1048576K
}
Event: 5517.161 GC heap after
{Heap after GC invocations=80 (full 0):
 garbage-first heap   total 491520K, used 223744K [0x0000000080000000, 0x0000000100000000)
  region size 1024K, 3 young (3072K), 3 survivors (3072K)
 Metaspace       used 152018K, committed 153472K, reserved 1187840K
  class space    used 19709K, committed 20608K, reserved 1048576K
}
Event: 5518.481 GC heap before
{Heap before GC invocations=80 (full 0):
 garbage-first heap   total 491520K, used 320000K [0x0000000080000000, 0x0000000100000000)
  region size 1024K, 99 young (101376K), 3 survivors (3072K)
 Metaspace       used 152238K, committed 153664K, reserved 1187840K
  class space    used 19711K, committed 20608K, reserved 1048576K
}
Event: 5518.499 GC heap after
{Heap after GC invocations=81 (full 0):
 garbage-first heap   total 491520K, used 229106K [0x0000000080000000, 0x0000000100000000)
  region size 1024K, 9 young (9216K), 9 survivors (9216K)
 Metaspace       used 152238K, committed 153664K, reserved 1187840K
  class space    used 19711K, committed 20608K, reserved 1048576K
}
Event: 5519.882 GC heap before
{Heap before GC invocations=82 (full 0):
 garbage-first heap   total 510976K, used 378610K [0x0000000080000000, 0x0000000100000000)
  region size 1024K, 153 young (156672K), 9 survivors (9216K)
 Metaspace       used 152470K, committed 153920K, reserved 1187840K
  class space    used 19718K, committed 20608K, reserved 1048576K
}
Event: 5519.922 GC heap after
{Heap after GC invocations=83 (full 0):
 garbage-first heap   total 510976K, used 230878K [0x0000000080000000, 0x0000000100000000)
  region size 1024K, 10 young (10240K), 10 survivors (10240K)
 Metaspace       used 152470K, committed 153920K, reserved 1187840K
  class space    used 19718K, committed 20608K, reserved 1048576K
}
Event: 5520.183 GC heap before
{Heap before GC invocations=83 (full 0):
 garbage-first heap   total 510976K, used 244190K [0x0000000080000000, 0x0000000100000000)
  region size 1024K, 24 young (24576K), 10 survivors (10240K)
 Metaspace       used 152517K, committed 153984K, reserved 1187840K
  class space    used 19722K, committed 20608K, reserved 1048576K
}
Event: 5520.261 GC heap after
{Heap after GC invocations=84 (full 0):
 garbage-first heap   total 510976K, used 227490K [0x0000000080000000, 0x0000000100000000)
  region size 1024K, 3 young (3072K), 3 survivors (3072K)
 Metaspace       used 152517K, committed 153984K, reserved 1187840K
  class space    used 19722K, committed 20608K, reserved 1048576K
}
Event: 5520.624 GC heap before
{Heap before GC invocations=84 (full 0):
 garbage-first heap   total 510976K, used 254114K [0x0000000080000000, 0x0000000100000000)
  region size 1024K, 31 young (31744K), 3 survivors (3072K)
 Metaspace       used 152546K, committed 153984K, reserved 1187840K
  class space    used 19722K, committed 20608K, reserved 1048576K
}

