# JRE version: OpenJDK Runtime Environment (17.0.6) (build 17.0.6+0-b2043.56-10027231)
# Java VM: OpenJDK 64-Bit Server VM (17.0.6+0-b2043.56-10027231, mixed mode, tiered, compressed oops, compressed class ptrs, g1 gc, windows-amd64)
GC Precious Log:
 CPUs: 4 total, 4 available
 Memory: 7998M
 Large Page Support: Disabled
 NUMA Support: Disabled
 Compressed Oops: Enabled (32-bit)
 Heap Region Size: 1M
 Heap Min Capacity: 8M
 Heap Initial Capacity: 126M
 Heap Max Capacity: 2G
 Pre-touch: Disabled
 Parallel Workers: 4
 Concurrent Workers: 1
 Concurrent Refinement Workers: 4
 Periodic GC: Disabled
Heap:
 garbage-first heap   total 325632K, used 117992K [0x0000000080000000, 0x0000000100000000)
  region size 1024K, 1 young (1024K), 1 survivors (1024K)
 Metaspace       used 133835K, committed 134848K, reserved 1171456K
  class space    used 17710K, committed 18176K, reserved 1048576K
GC Heap History (20 events):
Event: 284.435 GC heap after
{Heap after GC invocations=71 (full 0):
 garbage-first heap   total 325632K, used 115074K [0x0000000080000000, 0x0000000100000000)
  region size 1024K, 2 young (2048K), 2 survivors (2048K)
 Metaspace       used 132003K, committed 132800K, reserved 1171456K
  class space    used 17641K, committed 18048K, reserved 1048576K
}
Event: 285.403 GC heap before
{Heap before GC invocations=71 (full 0):
 garbage-first heap   total 325632K, used 132482K [0x0000000080000000, 0x0000000100000000)
  region size 1024K, 21 young (21504K), 2 survivors (2048K)
 Metaspace       used 132140K, committed 132992K, reserved 1171456K
  class space    used 17646K, committed 18048K, reserved 1048576K
}
Event: 285.411 GC heap after
{Heap after GC invocations=72 (full 0):
 garbage-first heap   total 325632K, used 115220K [0x0000000080000000, 0x0000000100000000)
  region size 1024K, 2 young (2048K), 2 survivors (2048K)
 Metaspace       used 132140K, committed 132992K, reserved 1171456K
  class space    used 17646K, committed 18048K, reserved 1048576K
}
Event: 408.065 GC heap before
{Heap before GC invocations=73 (full 0):
 garbage-first heap   total 325632K, used 269844K [0x0000000080000000, 0x0000000100000000)
  region size 1024K, 135 young (138240K), 2 survivors (2048K)
 Metaspace       used 132679K, committed 133632K, reserved 1171456K
  class space    used 17687K, committed 18176K, reserved 1048576K
}
Event: 408.130 GC heap after
{Heap after GC invocations=74 (full 0):
 garbage-first heap   total 325632K, used 124313K [0x0000000080000000, 0x0000000100000000)
  region size 1024K, 9 young (9216K), 9 survivors (9216K)
 Metaspace       used 132679K, committed 133632K, reserved 1171456K
  class space    used 17687K, committed 18176K, reserved 1048576K
}
Event: 408.387 GC heap before
{Heap before GC invocations=74 (full 0):
 garbage-first heap   total 325632K, used 130457K [0x0000000080000000, 0x0000000100000000)
  region size 1024K, 15 young (15360K), 9 survivors (9216K)
 Metaspace       used 132692K, committed 133696K, reserved 1171456K
  class space    used 17687K, committed 18176K, reserved 1048576K
}
Event: 408.443 GC heap after
{Heap after GC invocations=75 (full 0):
 garbage-first heap   total 325632K, used 116042K [0x0000000080000000, 0x0000000100000000)
  region size 1024K, 1 young (1024K), 1 survivors (1024K)
 Metaspace       used 132692K, committed 133696K, reserved 1171456K
  class space    used 17687K, committed 18176K, reserved 1048576K
}
Event: 409.041 GC heap before
{Heap before GC invocations=75 (full 0):
 garbage-first heap   total 325632K, used 131402K [0x0000000080000000, 0x0000000100000000)
  region size 1024K, 17 young (17408K), 1 survivors (1024K)
 Metaspace       used 132785K, committed 133760K, reserved 1171456K
  class space    used 17694K, committed 18176K, reserved 1048576K
}
Event: 409.052 GC heap after
{Heap after GC invocations=76 (full 0):
 garbage-first heap   total 325632K, used 116337K [0x0000000080000000, 0x0000000100000000)
  region size 1024K, 2 young (2048K), 2 survivors (2048K)
 Metaspace       used 132785K, committed 133760K, reserved 1171456K
  class space    used 17694K, committed 18176K, reserved 1048576K
}
Event: 523.607 GC heap before
{Heap before GC invocations=77 (full 0):
 garbage-first heap   total 325632K, used 279153K [0x0000000080000000, 0x0000000100000000)
  region size 1024K, 142 young (145408K), 2 survivors (2048K)
 Metaspace       used 133237K, committed 134208K, reserved 1171456K
  class space    used 17696K, committed 18176K, reserved 1048576K
}
Event: 523.672 GC heap after
{Heap after GC invocations=78 (full 0):
 garbage-first heap   total 325632K, used 126302K [0x0000000080000000, 0x0000000100000000)
  region size 1024K, 10 young (10240K), 10 survivors (10240K)
 Metaspace       used 133237K, committed 134208K, reserved 1171456K
  class space    used 17696K, committed 18176K, reserved 1048576K
}
Event: 524.105 GC heap before
{Heap before GC invocations=78 (full 0):
 garbage-first heap   total 325632K, used 130398K [0x0000000080000000, 0x0000000100000000)
  region size 1024K, 15 young (15360K), 10 survivors (10240K)
 Metaspace       used 133285K, committed 134272K, reserved 1171456K
  class space    used 17697K, committed 18176K, reserved 1048576K
}
Event: 524.183 GC heap after
{Heap after GC invocations=79 (full 0):
 garbage-first heap   total 325632K, used 117716K [0x0000000080000000, 0x0000000100000000)
  region size 1024K, 2 young (2048K), 2 survivors (2048K)
 Metaspace       used 133285K, committed 134272K, reserved 1171456K
  class space    used 17697K, committed 18176K, reserved 1048576K
}
Event: 524.287 GC heap before
{Heap before GC invocations=79 (full 0):
 garbage-first heap   total 325632K, used 121812K [0x0000000080000000, 0x0000000100000000)
  region size 1024K, 8 young (8192K), 2 survivors (2048K)
 Metaspace       used 133308K, committed 134272K, reserved 1171456K
  class space    used 17697K, committed 18176K, reserved 1048576K
}
Event: 524.296 GC heap after
{Heap after GC invocations=80 (full 0):
 garbage-first heap   total 325632K, used 117116K [0x0000000080000000, 0x0000000100000000)
  region size 1024K, 1 young (1024K), 1 survivors (1024K)
 Metaspace       used 133308K, committed 134272K, reserved 1171456K
  class space    used 17697K, committed 18176K, reserved 1048576K
}
Event: 778.794 GC heap before
{Heap before GC invocations=81 (full 0):
 garbage-first heap   total 325632K, used 286076K [0x0000000080000000, 0x0000000100000000)
  region size 1024K, 148 young (151552K), 1 survivors (1024K)
 Metaspace       used 133796K, committed 134720K, reserved 1171456K
  class space    used 17709K, committed 18176K, reserved 1048576K
}
Event: 778.862 GC heap after
{Heap after GC invocations=82 (full 0):
 garbage-first heap   total 325632K, used 127058K [0x0000000080000000, 0x0000000100000000)
  region size 1024K, 9 young (9216K), 9 survivors (9216K)
 Metaspace       used 133796K, committed 134720K, reserved 1171456K
  class space    used 17709K, committed 18176K, reserved 1048576K
}
Event: 779.136 GC heap before
{Heap before GC invocations=82 (full 0):
 garbage-first heap   total 325632K, used 132178K [0x0000000080000000, 0x0000000100000000)
  region size 1024K, 15 young (15360K), 9 survivors (9216K)
 Metaspace       used 133829K, committed 134784K, reserved 1171456K
  class space    used 17710K, committed 18176K, reserved 1048576K
}
Event: 779.210 GC heap after
{Heap after GC invocations=83 (full 0):
 garbage-first heap   total 325632K, used 118445K [0x0000000080000000, 0x0000000100000000)
  region size 1024K, 1 young (1024K), 1 survivors (1024K)
 Metaspace       used 133829K, committed 134784K, reserved 1171456K
  class space    used 17710K, committed 18176K, reserved 1048576K
}
Event: 779.273 GC heap before
{Heap before GC invocations=83 (full 0):
 garbage-first heap   total 325632K, used 119469K [0x0000000080000000, 0x0000000100000000)
  region size 1024K, 4 young (4096K), 1 survivors (1024K)
 Metaspace       used 133835K, committed 134848K, reserved 1171456K
  class space    used 17710K, committed 18176K, reserved 1048576K
}

