# JRE version: OpenJDK Runtime Environment (17.0.6) (build 17.0.6+0-b2043.56-10027231)
# Java VM: OpenJDK 64-Bit Server VM (17.0.6+0-b2043.56-10027231, mixed mode, tiered, compressed oops, compressed class ptrs, g1 gc, windows-amd64)
GC Precious Log:
 CPUs: 4 total, 4 available
 Memory: 7998M
 Large Page Support: Disabled
 NUMA Support: Disabled
 Compressed Oops: Enabled (32-bit)
 Heap Region Size: 1M
 Heap Min Capacity: 8M
 Heap Initial Capacity: 126M
 Heap Max Capacity: 2G
 Pre-touch: Disabled
 Parallel Workers: 4
 Concurrent Workers: 1
 Concurrent Refinement Workers: 4
 Periodic GC: Disabled
Heap:
 garbage-first heap   total 73728K, used 50304K [0x0000000080000000, 0x0000000100000000)
  region size 1024K, 4 young (4096K), 1 survivors (1024K)
 Metaspace       used 63108K, committed 63616K, reserved 1105920K
  class space    used 8367K, committed 8576K, reserved 1048576K
GC Heap History (20 events):
Event: 13.647 GC heap before
{Heap before GC invocations=12 (full 0):
 garbage-first heap   total 68608K, used 50913K [0x0000000080000000, 0x0000000100000000)
  region size 1024K, 23 young (23552K), 3 survivors (3072K)
 Metaspace       used 44743K, committed 45184K, reserved 1089536K
  class space    used 5806K, committed 6016K, reserved 1048576K
}
Event: 13.653 GC heap after
{Heap after GC invocations=13 (full 0):
 garbage-first heap   total 68608K, used 30628K [0x0000000080000000, 0x0000000100000000)
  region size 1024K, 2 young (2048K), 2 survivors (2048K)
 Metaspace       used 44743K, committed 45184K, reserved 1089536K
  class space    used 5806K, committed 6016K, reserved 1048576K
}
Event: 14.396 GC heap before
{Heap before GC invocations=13 (full 0):
 garbage-first heap   total 68608K, used 51108K [0x0000000080000000, 0x0000000100000000)
  region size 1024K, 22 young (22528K), 2 survivors (2048K)
 Metaspace       used 47315K, committed 47808K, reserved 1097728K
  class space    used 6234K, committed 6464K, reserved 1048576K
}
Event: 14.400 GC heap after
{Heap after GC invocations=14 (full 0):
 garbage-first heap   total 68608K, used 31896K [0x0000000080000000, 0x0000000100000000)
  region size 1024K, 3 young (3072K), 3 survivors (3072K)
 Metaspace       used 47315K, committed 47808K, reserved 1097728K
  class space    used 6234K, committed 6464K, reserved 1048576K
}
Event: 15.317 GC heap before
{Heap before GC invocations=14 (full 0):
 garbage-first heap   total 68608K, used 52376K [0x0000000080000000, 0x0000000100000000)
  region size 1024K, 23 young (23552K), 3 survivors (3072K)
 Metaspace       used 50234K, committed 50688K, reserved 1097728K
  class space    used 6709K, committed 6912K, reserved 1048576K
}
Event: 15.321 GC heap after
{Heap after GC invocations=15 (full 0):
 garbage-first heap   total 68608K, used 33084K [0x0000000080000000, 0x0000000100000000)
  region size 1024K, 3 young (3072K), 3 survivors (3072K)
 Metaspace       used 50234K, committed 50688K, reserved 1097728K
  class space    used 6709K, committed 6912K, reserved 1048576K
}
Event: 16.875 GC heap before
{Heap before GC invocations=15 (full 0):
 garbage-first heap   total 68608K, used 53564K [0x0000000080000000, 0x0000000100000000)
  region size 1024K, 23 young (23552K), 3 survivors (3072K)
 Metaspace       used 52538K, committed 52992K, reserved 1097728K
  class space    used 7025K, committed 7232K, reserved 1048576K
}
Event: 16.882 GC heap after
{Heap after GC invocations=16 (full 0):
 garbage-first heap   total 68608K, used 34797K [0x0000000080000000, 0x0000000100000000)
  region size 1024K, 3 young (3072K), 3 survivors (3072K)
 Metaspace       used 52538K, committed 52992K, reserved 1097728K
  class space    used 7025K, committed 7232K, reserved 1048576K
}
Event: 18.086 GC heap before
{Heap before GC invocations=17 (full 0):
 garbage-first heap   total 68608K, used 54253K [0x0000000080000000, 0x0000000100000000)
  region size 1024K, 22 young (22528K), 3 survivors (3072K)
 Metaspace       used 56872K, committed 57344K, reserved 1105920K
  class space    used 7558K, committed 7808K, reserved 1048576K
}
Event: 18.094 GC heap after
{Heap after GC invocations=18 (full 0):
 garbage-first heap   total 68608K, used 36907K [0x0000000080000000, 0x0000000100000000)
  region size 1024K, 3 young (3072K), 3 survivors (3072K)
 Metaspace       used 56872K, committed 57344K, reserved 1105920K
  class space    used 7558K, committed 7808K, reserved 1048576K
}
Event: 19.254 GC heap before
{Heap before GC invocations=18 (full 0):
 garbage-first heap   total 68608K, used 52267K [0x0000000080000000, 0x0000000100000000)
  region size 1024K, 19 young (19456K), 3 survivors (3072K)
 Metaspace       used 59550K, committed 60032K, reserved 1105920K
  class space    used 7896K, committed 8128K, reserved 1048576K
}
Event: 19.261 GC heap after
{Heap after GC invocations=19 (full 0):
 garbage-first heap   total 68608K, used 39137K [0x0000000080000000, 0x0000000100000000)
  region size 1024K, 3 young (3072K), 3 survivors (3072K)
 Metaspace       used 59550K, committed 60032K, reserved 1105920K
  class space    used 7896K, committed 8128K, reserved 1048576K
}
Event: 19.987 GC heap before
{Heap before GC invocations=20 (full 0):
 garbage-first heap   total 70656K, used 45281K [0x0000000080000000, 0x0000000100000000)
  region size 1024K, 11 young (11264K), 3 survivors (3072K)
 Metaspace       used 59925K, committed 60480K, reserved 1105920K
  class space    used 7941K, committed 8192K, reserved 1048576K
}
Event: 19.991 GC heap after
{Heap after GC invocations=21 (full 0):
 garbage-first heap   total 70656K, used 39974K [0x0000000080000000, 0x0000000100000000)
  region size 1024K, 1 young (1024K), 1 survivors (1024K)
 Metaspace       used 59925K, committed 60480K, reserved 1105920K
  class space    used 7941K, committed 8192K, reserved 1048576K
}
Event: 21.626 GC heap before
{Heap before GC invocations=22 (full 0):
 garbage-first heap   total 73728K, used 59430K [0x0000000080000000, 0x0000000100000000)
  region size 1024K, 17 young (17408K), 1 survivors (1024K)
 Metaspace       used 61224K, committed 61696K, reserved 1105920K
  class space    used 8104K, committed 8320K, reserved 1048576K
}
Event: 21.631 GC heap after
{Heap after GC invocations=23 (full 0):
 garbage-first heap   total 73728K, used 48257K [0x0000000080000000, 0x0000000100000000)
  region size 1024K, 3 young (3072K), 3 survivors (3072K)
 Metaspace       used 61224K, committed 61696K, reserved 1105920K
  class space    used 8104K, committed 8320K, reserved 1048576K
}
Event: 21.883 GC heap before
{Heap before GC invocations=23 (full 0):
 garbage-first heap   total 73728K, used 49281K [0x0000000080000000, 0x0000000100000000)
  region size 1024K, 4 young (4096K), 3 survivors (3072K)
 Metaspace       used 61365K, committed 61824K, reserved 1105920K
  class space    used 8121K, committed 8320K, reserved 1048576K
}
Event: 21.886 GC heap after
{Heap after GC invocations=24 (full 0):
 garbage-first heap   total 73728K, used 47937K [0x0000000080000000, 0x0000000100000000)
  region size 1024K, 1 young (1024K), 1 survivors (1024K)
 Metaspace       used 61365K, committed 61824K, reserved 1105920K
  class space    used 8121K, committed 8320K, reserved 1048576K
}
Event: 22.629 GC heap before
{Heap before GC invocations=24 (full 0):
 garbage-first heap   total 73728K, used 58177K [0x0000000080000000, 0x0000000100000000)
  region size 1024K, 11 young (11264K), 1 survivors (1024K)
 Metaspace       used 62742K, committed 63296K, reserved 1105920K
  class space    used 8331K, committed 8576K, reserved 1048576K
}
Event: 22.630 GC heap after
{Heap after GC invocations=25 (full 0):
 garbage-first heap   total 73728K, used 48256K [0x0000000080000000, 0x0000000100000000)
  region size 1024K, 1 young (1024K), 1 survivors (1024K)
 Metaspace       used 62742K, committed 63296K, reserved 1105920K
  class space    used 8331K, committed 8576K, reserved 1048576K
}

