# JRE version: OpenJDK Runtime Environment (17.0.6) (build 17.0.6+0-b2043.56-10027231)
# Java VM: OpenJDK 64-Bit Server VM (17.0.6+0-b2043.56-10027231, mixed mode, tiered, compressed oops, compressed class ptrs, g1 gc, windows-amd64)
GC Precious Log:
 CPUs: 4 total, 4 available
 Memory: 7998M
 Large Page Support: Disabled
 NUMA Support: Disabled
 Compressed Oops: Enabled (32-bit)
 Heap Region Size: 1M
 Heap Min Capacity: 8M
 Heap Initial Capacity: 126M
 Heap Max Capacity: 2G
 Pre-touch: Disabled
 Parallel Workers: 4
 Concurrent Workers: 1
 Concurrent Refinement Workers: 4
 Periodic GC: Disabled
Heap:
 garbage-first heap   total 450560K, used 206183K [0x0000000080000000, 0x0000000100000000)
  region size 1024K, 89 young (91136K), 9 survivors (9216K)
 Metaspace       used 136765K, committed 138560K, reserved 1171456K
  class space    used 17831K, committed 18688K, reserved 1048576K
GC Heap History (20 events):
Event: 977.539 GC heap before
{Heap before GC invocations=105 (full 0):
 garbage-first heap   total 454656K, used 138531K [0x0000000080000000, 0x0000000100000000)
  region size 1024K, 25 young (25600K), 3 survivors (3072K)
 Metaspace       used 129781K, committed 131520K, reserved 1163264K
  class space    used 17097K, committed 17920K, reserved 1048576K
}
Event: 977.554 GC heap after
{Heap after GC invocations=106 (full 0):
 garbage-first heap   total 454656K, used 121161K [0x0000000080000000, 0x0000000100000000)
  region size 1024K, 6 young (6144K), 6 survivors (6144K)
 Metaspace       used 129781K, committed 131520K, reserved 1163264K
  class space    used 17097K, committed 17920K, reserved 1048576K
}
Event: 1359.884 GC heap before
{Heap before GC invocations=107 (full 0):
 garbage-first heap   total 454656K, used 374089K [0x0000000080000000, 0x0000000100000000)
  region size 1024K, 217 young (222208K), 6 survivors (6144K)
 Metaspace       used 130100K, committed 131904K, reserved 1163264K
  class space    used 17113K, committed 17984K, reserved 1048576K
}
Event: 1359.992 GC heap after
{Heap after GC invocations=108 (full 0):
 garbage-first heap   total 454656K, used 125402K [0x0000000080000000, 0x0000000100000000)
  region size 1024K, 7 young (7168K), 7 survivors (7168K)
 Metaspace       used 130100K, committed 131904K, reserved 1163264K
  class space    used 17113K, committed 17984K, reserved 1048576K
}
Event: 1360.931 GC heap before
{Heap before GC invocations=108 (full 0):
 garbage-first heap   total 454656K, used 139738K [0x0000000080000000, 0x0000000100000000)
  region size 1024K, 22 young (22528K), 7 survivors (7168K)
 Metaspace       used 130103K, committed 131904K, reserved 1163264K
  class space    used 17113K, committed 17984K, reserved 1048576K
}
Event: 1360.970 GC heap after
{Heap after GC invocations=109 (full 0):
 garbage-first heap   total 454656K, used 114687K [0x0000000080000000, 0x0000000100000000)
  region size 1024K, 2 young (2048K), 2 survivors (2048K)
 Metaspace       used 130103K, committed 131904K, reserved 1163264K
  class space    used 17113K, committed 17984K, reserved 1048576K
}
Event: 1361.946 GC heap before
{Heap before GC invocations=109 (full 0):
 garbage-first heap   total 454656K, used 138239K [0x0000000080000000, 0x0000000100000000)
  region size 1024K, 27 young (27648K), 2 survivors (2048K)
 Metaspace       used 130374K, committed 132096K, reserved 1171456K
  class space    used 17150K, committed 17984K, reserved 1048576K
}
Event: 1361.968 GC heap after
{Heap after GC invocations=110 (full 0):
 garbage-first heap   total 454656K, used 117985K [0x0000000080000000, 0x0000000100000000)
  region size 1024K, 6 young (6144K), 6 survivors (6144K)
 Metaspace       used 130374K, committed 132096K, reserved 1171456K
  class space    used 17150K, committed 17984K, reserved 1048576K
}
Event: 1488.100 GC heap before
{Heap before GC invocations=111 (full 0):
 garbage-first heap   total 450560K, used 388321K [0x0000000080000000, 0x0000000100000000)
  region size 1024K, 233 young (238592K), 6 survivors (6144K)
 Metaspace       used 136531K, committed 138368K, reserved 1171456K
  class space    used 17830K, committed 18688K, reserved 1048576K
}
Event: 1488.317 GC heap after
{Heap after GC invocations=112 (full 0):
 garbage-first heap   total 450560K, used 126631K [0x0000000080000000, 0x0000000100000000)
  region size 1024K, 12 young (12288K), 12 survivors (12288K)
 Metaspace       used 136531K, committed 138368K, reserved 1171456K
  class space    used 17830K, committed 18688K, reserved 1048576K
}
Event: 1488.687 GC heap before
{Heap before GC invocations=112 (full 0):
 garbage-first heap   total 450560K, used 136871K [0x0000000080000000, 0x0000000100000000)
  region size 1024K, 22 young (22528K), 12 survivors (12288K)
 Metaspace       used 136543K, committed 138368K, reserved 1171456K
  class space    used 17830K, committed 18688K, reserved 1048576K
}
Event: 1488.768 GC heap after
{Heap after GC invocations=113 (full 0):
 garbage-first heap   total 450560K, used 120477K [0x0000000080000000, 0x0000000100000000)
  region size 1024K, 3 young (3072K), 3 survivors (3072K)
 Metaspace       used 136543K, committed 138368K, reserved 1171456K
  class space    used 17830K, committed 18688K, reserved 1048576K
}
Event: 1489.529 GC heap before
{Heap before GC invocations=113 (full 0):
 garbage-first heap   total 450560K, used 137885K [0x0000000080000000, 0x0000000100000000)
  region size 1024K, 22 young (22528K), 3 survivors (3072K)
 Metaspace       used 136551K, committed 138368K, reserved 1171456K
  class space    used 17830K, committed 18688K, reserved 1048576K
}
Event: 1489.548 GC heap after
{Heap after GC invocations=114 (full 0):
 garbage-first heap   total 450560K, used 122966K [0x0000000080000000, 0x0000000100000000)
  region size 1024K, 6 young (6144K), 6 survivors (6144K)
 Metaspace       used 136551K, committed 138368K, reserved 1171456K
  class space    used 17830K, committed 18688K, reserved 1048576K
}
Event: 1547.025 GC heap before
{Heap before GC invocations=115 (full 0):
 garbage-first heap   total 450560K, used 328790K [0x0000000080000000, 0x0000000100000000)
  region size 1024K, 187 young (191488K), 6 survivors (6144K)
 Metaspace       used 136711K, committed 138496K, reserved 1171456K
  class space    used 17831K, committed 18688K, reserved 1048576K
}
Event: 1547.120 GC heap after
{Heap after GC invocations=116 (full 0):
 garbage-first heap   total 450560K, used 134688K [0x0000000080000000, 0x0000000100000000)
  region size 1024K, 13 young (13312K), 13 survivors (13312K)
 Metaspace       used 136711K, committed 138496K, reserved 1171456K
  class space    used 17831K, committed 18688K, reserved 1048576K
}
Event: 1564.154 GC heap before
{Heap before GC invocations=116 (full 0):
 garbage-first heap   total 450560K, used 160288K [0x0000000080000000, 0x0000000100000000)
  region size 1024K, 22 young (22528K), 13 survivors (13312K)
 Metaspace       used 136724K, committed 138560K, reserved 1171456K
  class space    used 17831K, committed 18688K, reserved 1048576K
}
Event: 1564.203 GC heap after
{Heap after GC invocations=117 (full 0):
 garbage-first heap   total 450560K, used 117062K [0x0000000080000000, 0x0000000100000000)
  region size 1024K, 2 young (2048K), 2 survivors (2048K)
 Metaspace       used 136724K, committed 138560K, reserved 1171456K
  class space    used 17831K, committed 18688K, reserved 1048576K
}
Event: 1566.816 GC heap before
{Heap before GC invocations=117 (full 0):
 garbage-first heap   total 450560K, used 182598K [0x0000000080000000, 0x0000000100000000)
  region size 1024K, 67 young (68608K), 2 survivors (2048K)
 Metaspace       used 136740K, committed 138560K, reserved 1171456K
  class space    used 17831K, committed 18688K, reserved 1048576K
}
Event: 1566.842 GC heap after
{Heap after GC invocations=118 (full 0):
 garbage-first heap   total 450560K, used 124263K [0x0000000080000000, 0x0000000100000000)
  region size 1024K, 9 young (9216K), 9 survivors (9216K)
 Metaspace       used 136740K, committed 138560K, reserved 1171456K
  class space    used 17831K, committed 18688K, reserved 1048576K
}

