# JRE version: OpenJDK Runtime Environment (17.0.6) (build 17.0.6+0-b2043.56-10027231)
# Java VM: OpenJDK 64-Bit Server VM (17.0.6+0-b2043.56-10027231, mixed mode, tiered, compressed oops, compressed class ptrs, g1 gc, windows-amd64)
GC Precious Log:
 CPUs: 4 total, 4 available
 Memory: 7998M
 Large Page Support: Disabled
 NUMA Support: Disabled
 Compressed Oops: Enabled (32-bit)
 Heap Region Size: 1M
 Heap Min Capacity: 8M
 Heap Initial Capacity: 126M
 Heap Max Capacity: 2G
 Pre-touch: Disabled
 Parallel Workers: 4
 Concurrent Workers: 1
 Concurrent Refinement Workers: 4
 Periodic GC: Disabled
Heap:
 garbage-first heap   total 316416K, used 116207K [0x0000000080000000, 0x0000000100000000)
  region size 1024K, 1 young (1024K), 1 survivors (1024K)
 Metaspace       used 134725K, committed 136000K, reserved 1171456K
  class space    used 17703K, committed 18304K, reserved 1048576K
GC Heap History (20 events):
Event: 1826.252 GC heap after
{Heap after GC invocations=83 (full 0):
 garbage-first heap   total 316416K, used 112577K [0x0000000080000000, 0x0000000100000000)
  region size 1024K, 2 young (2048K), 2 survivors (2048K)
 Metaspace       used 133314K, committed 134464K, reserved 1171456K
  class space    used 17590K, committed 18112K, reserved 1048576K
}
Event: 1826.863 GC heap before
{Heap before GC invocations=83 (full 0):
 garbage-first heap   total 316416K, used 133057K [0x0000000080000000, 0x0000000100000000)
  region size 1024K, 23 young (23552K), 2 survivors (2048K)
 Metaspace       used 133533K, committed 134720K, reserved 1171456K
  class space    used 17639K, committed 18176K, reserved 1048576K
}
Event: 1826.886 GC heap after
{Heap after GC invocations=84 (full 0):
 garbage-first heap   total 316416K, used 115850K [0x0000000080000000, 0x0000000100000000)
  region size 1024K, 6 young (6144K), 6 survivors (6144K)
 Metaspace       used 133533K, committed 134720K, reserved 1171456K
  class space    used 17639K, committed 18176K, reserved 1048576K
}
Event: 1938.095 GC heap before
{Heap before GC invocations=85 (full 0):
 garbage-first heap   total 316416K, used 268426K [0x0000000080000000, 0x0000000100000000)
  region size 1024K, 137 young (140288K), 6 survivors (6144K)
 Metaspace       used 134070K, committed 135360K, reserved 1171456K
  class space    used 17719K, committed 18304K, reserved 1048576K
}
Event: 1938.160 GC heap after
{Heap after GC invocations=86 (full 0):
 garbage-first heap   total 316416K, used 123539K [0x0000000080000000, 0x0000000100000000)
  region size 1024K, 11 young (11264K), 11 survivors (11264K)
 Metaspace       used 134070K, committed 135360K, reserved 1171456K
  class space    used 17719K, committed 18304K, reserved 1048576K
}
Event: 1938.322 GC heap before
{Heap before GC invocations=86 (full 0):
 garbage-first heap   total 316416K, used 126611K [0x0000000080000000, 0x0000000100000000)
  region size 1024K, 15 young (15360K), 11 survivors (11264K)
 Metaspace       used 134074K, committed 135360K, reserved 1171456K
  class space    used 17719K, committed 18304K, reserved 1048576K
}
Event: 1938.382 GC heap after
{Heap after GC invocations=87 (full 0):
 garbage-first heap   total 316416K, used 115381K [0x0000000080000000, 0x0000000100000000)
  region size 1024K, 2 young (2048K), 2 survivors (2048K)
 Metaspace       used 134074K, committed 135360K, reserved 1171456K
  class space    used 17719K, committed 18304K, reserved 1048576K
}
Event: 1938.479 GC heap before
{Heap before GC invocations=87 (full 0):
 garbage-first heap   total 316416K, used 118453K [0x0000000080000000, 0x0000000100000000)
  region size 1024K, 6 young (6144K), 2 survivors (2048K)
 Metaspace       used 134089K, committed 135360K, reserved 1171456K
  class space    used 17719K, committed 18304K, reserved 1048576K
}
Event: 1938.492 GC heap after
{Heap after GC invocations=88 (full 0):
 garbage-first heap   total 316416K, used 116085K [0x0000000080000000, 0x0000000100000000)
  region size 1024K, 3 young (3072K), 3 survivors (3072K)
 Metaspace       used 134089K, committed 135360K, reserved 1171456K
  class space    used 17719K, committed 18304K, reserved 1048576K
}
Event: 2020.834 GC heap before
{Heap before GC invocations=89 (full 0):
 garbage-first heap   total 316416K, used 273781K [0x0000000080000000, 0x0000000100000000)
  region size 1024K, 137 young (140288K), 3 survivors (3072K)
 Metaspace       used 134310K, committed 135616K, reserved 1171456K
  class space    used 17708K, committed 18304K, reserved 1048576K
}
Event: 2020.909 GC heap after
{Heap after GC invocations=90 (full 0):
 garbage-first heap   total 316416K, used 130685K [0x0000000080000000, 0x0000000100000000)
  region size 1024K, 13 young (13312K), 13 survivors (13312K)
 Metaspace       used 134310K, committed 135616K, reserved 1171456K
  class space    used 17708K, committed 18304K, reserved 1048576K
}
Event: 2020.950 GC heap before
{Heap before GC invocations=90 (full 0):
 garbage-first heap   total 316416K, used 132733K [0x0000000080000000, 0x0000000100000000)
  region size 1024K, 15 young (15360K), 13 survivors (13312K)
 Metaspace       used 134334K, committed 135616K, reserved 1171456K
  class space    used 17708K, committed 18304K, reserved 1048576K
}
Event: 2021.002 GC heap after
{Heap after GC invocations=91 (full 0):
 garbage-first heap   total 316416K, used 121818K [0x0000000080000000, 0x0000000100000000)
  region size 1024K, 1 young (1024K), 1 survivors (1024K)
 Metaspace       used 134334K, committed 135616K, reserved 1171456K
  class space    used 17708K, committed 18304K, reserved 1048576K
}
Event: 2021.926 GC heap before
{Heap before GC invocations=91 (full 0):
 garbage-first heap   total 316416K, used 167898K [0x0000000080000000, 0x0000000100000000)
  region size 1024K, 48 young (49152K), 1 survivors (1024K)
 Metaspace       used 134468K, committed 135744K, reserved 1171456K
  class space    used 17710K, committed 18304K, reserved 1048576K
}
Event: 2021.946 GC heap after
{Heap after GC invocations=92 (full 0):
 garbage-first heap   total 316416K, used 127608K [0x0000000080000000, 0x0000000100000000)
  region size 1024K, 7 young (7168K), 7 survivors (7168K)
 Metaspace       used 134468K, committed 135744K, reserved 1171456K
  class space    used 17710K, committed 18304K, reserved 1048576K
}
Event: 2145.563 GC heap before
{Heap before GC invocations=93 (full 0):
 garbage-first heap   total 316416K, used 264824K [0x0000000080000000, 0x0000000100000000)
  region size 1024K, 124 young (126976K), 7 survivors (7168K)
 Metaspace       used 134647K, committed 135872K, reserved 1171456K
  class space    used 17703K, committed 18304K, reserved 1048576K
}
Event: 2145.625 GC heap after
{Heap after GC invocations=94 (full 0):
 garbage-first heap   total 316416K, used 136154K [0x0000000080000000, 0x0000000100000000)
  region size 1024K, 14 young (14336K), 14 survivors (14336K)
 Metaspace       used 134647K, committed 135872K, reserved 1171456K
  class space    used 17703K, committed 18304K, reserved 1048576K
}
Event: 2145.650 GC heap before
{Heap before GC invocations=94 (full 0):
 garbage-first heap   total 316416K, used 137178K [0x0000000080000000, 0x0000000100000000)
  region size 1024K, 15 young (15360K), 14 survivors (14336K)
 Metaspace       used 134648K, committed 135872K, reserved 1171456K
  class space    used 17703K, committed 18304K, reserved 1048576K
}
Event: 2145.785 GC heap after
{Heap after GC invocations=95 (full 0):
 garbage-first heap   total 316416K, used 117231K [0x0000000080000000, 0x0000000100000000)
  region size 1024K, 2 young (2048K), 2 survivors (2048K)
 Metaspace       used 134648K, committed 135872K, reserved 1171456K
  class space    used 17703K, committed 18304K, reserved 1048576K
}
Event: 2146.434 GC heap before
{Heap before GC invocations=95 (full 0):
 garbage-first heap   total 316416K, used 128495K [0x0000000080000000, 0x0000000100000000)
  region size 1024K, 15 young (15360K), 2 survivors (2048K)
 Metaspace       used 134725K, committed 136000K, reserved 1171456K
  class space    used 17703K, committed 18304K, reserved 1048576K
}

