# JRE version: OpenJDK Runtime Environment (17.0.6) (build 17.0.6+0-b2043.56-10027231)
# Java VM: OpenJDK 64-Bit Server VM (17.0.6+0-b2043.56-10027231, mixed mode, tiered, compressed oops, compressed class ptrs, g1 gc, windows-amd64)
GC Precious Log:
 CPUs: 4 total, 4 available
 Memory: 7998M
 Large Page Support: Disabled
 NUMA Support: Disabled
 Compressed Oops: Enabled (32-bit)
 Heap Region Size: 1M
 Heap Min Capacity: 8M
 Heap Initial Capacity: 126M
 Heap Max Capacity: 2G
 Pre-touch: Disabled
 Parallel Workers: 4
 Concurrent Workers: 1
 Concurrent Refinement Workers: 4
 Periodic GC: Disabled
Heap:
 garbage-first heap   total 499712K, used 408064K [0x0000000080000000, 0x0000000100000000)
  region size 1024K, 143 young (146432K), 8 survivors (8192K)
 Metaspace       used 148972K, committed 150272K, reserved 1179648K
  class space    used 19525K, committed 20160K, reserved 1048576K
GC Heap History (20 events):
Event: 801.820 GC heap before
{Heap before GC invocations=71 (full 0):
 garbage-first heap   total 261120K, used 224796K [0x0000000080000000, 0x0000000100000000)
  region size 1024K, 64 young (65536K), 2 survivors (2048K)
 Metaspace       used 127557K, committed 128640K, reserved 1163264K
  class space    used 17357K, committed 17856K, reserved 1048576K
}
Event: 801.861 GC heap after
{Heap after GC invocations=72 (full 0):
 garbage-first heap   total 261120K, used 175104K [0x0000000080000000, 0x0000000100000000)
  region size 1024K, 8 young (8192K), 8 survivors (8192K)
 Metaspace       used 127557K, committed 128640K, reserved 1163264K
  class space    used 17357K, committed 17856K, reserved 1048576K
}
Event: 802.469 GC heap before
{Heap before GC invocations=72 (full 0):
 garbage-first heap   total 261120K, used 215040K [0x0000000080000000, 0x0000000100000000)
  region size 1024K, 47 young (48128K), 8 survivors (8192K)
 Metaspace       used 127557K, committed 128640K, reserved 1163264K
  class space    used 17357K, committed 17856K, reserved 1048576K
}
Event: 802.495 GC heap after
{Heap after GC invocations=73 (full 0):
 garbage-first heap   total 261120K, used 189117K [0x0000000080000000, 0x0000000100000000)
  region size 1024K, 6 young (6144K), 6 survivors (6144K)
 Metaspace       used 127557K, committed 128640K, reserved 1163264K
  class space    used 17357K, committed 17856K, reserved 1048576K
}
Event: 802.975 GC heap before
{Heap before GC invocations=73 (full 0):
 garbage-first heap   total 261120K, used 214717K [0x0000000080000000, 0x0000000100000000)
  region size 1024K, 32 young (32768K), 6 survivors (6144K)
 Metaspace       used 127561K, committed 128640K, reserved 1163264K
  class space    used 17357K, committed 17856K, reserved 1048576K
}
Event: 802.989 GC heap after
{Heap after GC invocations=74 (full 0):
 garbage-first heap   total 499712K, used 191766K [0x0000000080000000, 0x0000000100000000)
  region size 1024K, 3 young (3072K), 3 survivors (3072K)
 Metaspace       used 127561K, committed 128640K, reserved 1163264K
  class space    used 17357K, committed 17856K, reserved 1048576K
}
Event: 805.692 GC heap before
{Heap before GC invocations=74 (full 0):
 garbage-first heap   total 499712K, used 346390K [0x0000000080000000, 0x0000000100000000)
  region size 1024K, 154 young (157696K), 3 survivors (3072K)
 Metaspace       used 127563K, committed 128640K, reserved 1163264K
  class space    used 17357K, committed 17856K, reserved 1048576K
}
Event: 805.711 GC heap after
{Heap after GC invocations=75 (full 0):
 garbage-first heap   total 499712K, used 198450K [0x0000000080000000, 0x0000000100000000)
  region size 1024K, 10 young (10240K), 10 survivors (10240K)
 Metaspace       used 127563K, committed 128640K, reserved 1163264K
  class space    used 17357K, committed 17856K, reserved 1048576K
}
Event: 808.311 GC heap before
{Heap before GC invocations=75 (full 0):
 garbage-first heap   total 499712K, used 390962K [0x0000000080000000, 0x0000000100000000)
  region size 1024K, 182 young (186368K), 10 survivors (10240K)
 Metaspace       used 132912K, committed 133952K, reserved 1171456K
  class space    used 17918K, committed 18432K, reserved 1048576K
}
Event: 808.373 GC heap after
{Heap after GC invocations=76 (full 0):
 garbage-first heap   total 499712K, used 212817K [0x0000000080000000, 0x0000000100000000)
  region size 1024K, 23 young (23552K), 23 survivors (23552K)
 Metaspace       used 132912K, committed 133952K, reserved 1171456K
  class space    used 17918K, committed 18432K, reserved 1048576K
}
Event: 3867.460 GC heap before
{Heap before GC invocations=76 (full 0):
 garbage-first heap   total 499712K, used 386897K [0x0000000080000000, 0x0000000100000000)
  region size 1024K, 194 young (198656K), 23 survivors (23552K)
 Metaspace       used 137617K, committed 138816K, reserved 1171456K
  class space    used 18527K, committed 19136K, reserved 1048576K
}
Event: 3867.934 GC heap after
{Heap after GC invocations=77 (full 0):
 garbage-first heap   total 499712K, used 222180K [0x0000000080000000, 0x0000000100000000)
  region size 1024K, 10 young (10240K), 10 survivors (10240K)
 Metaspace       used 137617K, committed 138816K, reserved 1171456K
  class space    used 18527K, committed 19136K, reserved 1048576K
}
Event: 3872.339 GC heap before
{Heap before GC invocations=77 (full 0):
 garbage-first heap   total 499712K, used 372708K [0x0000000080000000, 0x0000000100000000)
  region size 1024K, 139 young (142336K), 10 survivors (10240K)
 Metaspace       used 143484K, committed 144704K, reserved 1179648K
  class space    used 19180K, committed 19776K, reserved 1048576K
}
Event: 3872.385 GC heap after
{Heap after GC invocations=78 (full 0):
 garbage-first heap   total 499712K, used 227812K [0x0000000080000000, 0x0000000100000000)
  region size 1024K, 15 young (15360K), 15 survivors (15360K)
 Metaspace       used 143484K, committed 144704K, reserved 1179648K
  class space    used 19180K, committed 19776K, reserved 1048576K
}
Event: 3877.290 GC heap before
{Heap before GC invocations=78 (full 0):
 garbage-first heap   total 499712K, used 400868K [0x0000000080000000, 0x0000000100000000)
  region size 1024K, 183 young (187392K), 15 survivors (15360K)
 Metaspace       used 145927K, committed 147136K, reserved 1179648K
  class space    used 19396K, committed 19968K, reserved 1048576K
}
Event: 3877.400 GC heap after
{Heap after GC invocations=79 (full 0):
 garbage-first heap   total 499712K, used 246784K [0x0000000080000000, 0x0000000100000000)
  region size 1024K, 23 young (23552K), 23 survivors (23552K)
 Metaspace       used 145927K, committed 147136K, reserved 1179648K
  class space    used 19396K, committed 19968K, reserved 1048576K
}
Event: 3878.758 GC heap before
{Heap before GC invocations=79 (full 0):
 garbage-first heap   total 499712K, used 351232K [0x0000000080000000, 0x0000000100000000)
  region size 1024K, 124 young (126976K), 23 survivors (23552K)
 Metaspace       used 147212K, committed 148416K, reserved 1179648K
  class space    used 19443K, committed 20032K, reserved 1048576K
}
Event: 3878.880 GC heap after
{Heap after GC invocations=80 (full 0):
 garbage-first heap   total 499712K, used 254685K [0x0000000080000000, 0x0000000100000000)
  region size 1024K, 12 young (12288K), 12 survivors (12288K)
 Metaspace       used 147212K, committed 148416K, reserved 1179648K
  class space    used 19443K, committed 20032K, reserved 1048576K
}
Event: 4032.299 GC heap before
{Heap before GC invocations=80 (full 0):
 garbage-first heap   total 499712K, used 422621K [0x0000000080000000, 0x0000000100000000)
  region size 1024K, 158 young (161792K), 12 survivors (12288K)
 Metaspace       used 148372K, committed 149568K, reserved 1179648K
  class space    used 19485K, committed 20032K, reserved 1048576K
}
Event: 4032.380 GC heap after
{Heap after GC invocations=81 (full 0):
 garbage-first heap   total 499712K, used 252416K [0x0000000080000000, 0x0000000100000000)
  region size 1024K, 8 young (8192K), 8 survivors (8192K)
 Metaspace       used 148372K, committed 149568K, reserved 1179648K
  class space    used 19485K, committed 20032K, reserved 1048576K
}

