# JRE version: OpenJDK Runtime Environment (17.0.6) (build 17.0.6+0-b2043.56-10027231)
# Java VM: OpenJDK 64-Bit Server VM (17.0.6+0-b2043.56-10027231, mixed mode, tiered, compressed oops, compressed class ptrs, g1 gc, windows-amd64)
GC Precious Log:
 CPUs: 4 total, 4 available
 Memory: 7998M
 Large Page Support: Disabled
 NUMA Support: Disabled
 Compressed Oops: Enabled (32-bit)
 Heap Region Size: 1M
 Heap Min Capacity: 8M
 Heap Initial Capacity: 126M
 Heap Max Capacity: 2G
 Pre-touch: Disabled
 Parallel Workers: 4
 Concurrent Workers: 1
 Concurrent Refinement Workers: 4
 Periodic GC: Disabled
Heap:
 garbage-first heap   total 165888K, used 100389K [0x0000000080000000, 0x0000000100000000)
  region size 1024K, 1 young (1024K), 1 survivors (1024K)
 Metaspace       used 100675K, committed 101376K, reserved 1138688K
  class space    used 13557K, committed 13888K, reserved 1048576K
GC Heap History (20 events):
Event: 12.463 GC heap after
{Heap after GC invocations=29 (full 0):
 garbage-first heap   total 128000K, used 61845K [0x0000000080000000, 0x0000000100000000)
  region size 1024K, 6 young (6144K), 6 survivors (6144K)
 Metaspace       used 83757K, committed 84352K, reserved 1122304K
  class space    used 11429K, committed 11712K, reserved 1048576K
}
Event: 13.045 GC heap before
{Heap before GC invocations=29 (full 0):
 garbage-first heap   total 128000K, used 102805K [0x0000000080000000, 0x0000000100000000)
  region size 1024K, 46 young (47104K), 6 survivors (6144K)
 Metaspace       used 87898K, committed 88512K, reserved 1130496K
  class space    used 11993K, committed 12288K, reserved 1048576K
}
Event: 13.060 GC heap after
{Heap after GC invocations=30 (full 0):
 garbage-first heap   total 128000K, used 65457K [0x0000000080000000, 0x0000000100000000)
  region size 1024K, 6 young (6144K), 6 survivors (6144K)
 Metaspace       used 87898K, committed 88512K, reserved 1130496K
  class space    used 11993K, committed 12288K, reserved 1048576K
}
Event: 13.338 GC heap before
{Heap before GC invocations=30 (full 0):
 garbage-first heap   total 128000K, used 103345K [0x0000000080000000, 0x0000000100000000)
  region size 1024K, 43 young (44032K), 6 survivors (6144K)
 Metaspace       used 88111K, committed 88768K, reserved 1130496K
  class space    used 12007K, committed 12352K, reserved 1048576K
}
Event: 13.352 GC heap after
{Heap after GC invocations=31 (full 0):
 garbage-first heap   total 128000K, used 72402K [0x0000000080000000, 0x0000000100000000)
  region size 1024K, 6 young (6144K), 6 survivors (6144K)
 Metaspace       used 88111K, committed 88768K, reserved 1130496K
  class space    used 12007K, committed 12352K, reserved 1048576K
}
Event: 14.002 GC heap before
{Heap before GC invocations=32 (full 0):
 garbage-first heap   total 133120K, used 103122K [0x0000000080000000, 0x0000000100000000)
  region size 1024K, 36 young (36864K), 6 survivors (6144K)
 Metaspace       used 89861K, committed 90432K, reserved 1130496K
  class space    used 12336K, committed 12608K, reserved 1048576K
}
Event: 14.018 GC heap after
{Heap after GC invocations=33 (full 0):
 garbage-first heap   total 133120K, used 76437K [0x0000000080000000, 0x0000000100000000)
  region size 1024K, 4 young (4096K), 4 survivors (4096K)
 Metaspace       used 89861K, committed 90432K, reserved 1130496K
  class space    used 12336K, committed 12608K, reserved 1048576K
}
Event: 14.043 GC heap before
{Heap before GC invocations=33 (full 0):
 garbage-first heap   total 133120K, used 78485K [0x0000000080000000, 0x0000000100000000)
  region size 1024K, 6 young (6144K), 4 survivors (4096K)
 Metaspace       used 89862K, committed 90432K, reserved 1130496K
  class space    used 12336K, committed 12608K, reserved 1048576K
}
Event: 14.051 GC heap after
{Heap after GC invocations=34 (full 0):
 garbage-first heap   total 159744K, used 77026K [0x0000000080000000, 0x0000000100000000)
  region size 1024K, 1 young (1024K), 1 survivors (1024K)
 Metaspace       used 89862K, committed 90432K, reserved 1130496K
  class space    used 12336K, committed 12608K, reserved 1048576K
}
Event: 15.109 GC heap before
{Heap before GC invocations=34 (full 0):
 garbage-first heap   total 159744K, used 126178K [0x0000000080000000, 0x0000000100000000)
  region size 1024K, 50 young (51200K), 1 survivors (1024K)
 Metaspace       used 90530K, committed 91200K, reserved 1130496K
  class space    used 12377K, committed 12672K, reserved 1048576K
}
Event: 15.123 GC heap after
{Heap after GC invocations=35 (full 0):
 garbage-first heap   total 159744K, used 81050K [0x0000000080000000, 0x0000000100000000)
  region size 1024K, 5 young (5120K), 5 survivors (5120K)
 Metaspace       used 90530K, committed 91200K, reserved 1130496K
  class space    used 12377K, committed 12672K, reserved 1048576K
}
Event: 15.930 GC heap before
{Heap before GC invocations=36 (full 0):
 garbage-first heap   total 159744K, used 127130K [0x0000000080000000, 0x0000000100000000)
  region size 1024K, 50 young (51200K), 5 survivors (5120K)
 Metaspace       used 92240K, committed 92864K, reserved 1130496K
  class space    used 12521K, committed 12800K, reserved 1048576K
}
Event: 15.947 GC heap after
{Heap after GC invocations=37 (full 0):
 garbage-first heap   total 159744K, used 85139K [0x0000000080000000, 0x0000000100000000)
  region size 1024K, 5 young (5120K), 5 survivors (5120K)
 Metaspace       used 92240K, committed 92864K, reserved 1130496K
  class space    used 12521K, committed 12800K, reserved 1048576K
}
Event: 15.965 GC heap before
{Heap before GC invocations=37 (full 0):
 garbage-first heap   total 159744K, used 87187K [0x0000000080000000, 0x0000000100000000)
  region size 1024K, 7 young (7168K), 5 survivors (5120K)
 Metaspace       used 92298K, committed 92992K, reserved 1130496K
  class space    used 12531K, committed 12864K, reserved 1048576K
}
Event: 15.978 GC heap after
{Heap after GC invocations=38 (full 0):
 garbage-first heap   total 159744K, used 84294K [0x0000000080000000, 0x0000000100000000)
  region size 1024K, 1 young (1024K), 1 survivors (1024K)
 Metaspace       used 92298K, committed 92992K, reserved 1130496K
  class space    used 12531K, committed 12864K, reserved 1048576K
}
Event: 16.741 GC heap before
{Heap before GC invocations=38 (full 0):
 garbage-first heap   total 159744K, used 127302K [0x0000000080000000, 0x0000000100000000)
  region size 1024K, 44 young (45056K), 1 survivors (1024K)
 Metaspace       used 98978K, committed 99648K, reserved 1138688K
  class space    used 13410K, committed 13696K, reserved 1048576K
}
Event: 16.749 GC heap after
{Heap after GC invocations=39 (full 0):
 garbage-first heap   total 159744K, used 88856K [0x0000000080000000, 0x0000000100000000)
  region size 1024K, 6 young (6144K), 6 survivors (6144K)
 Metaspace       used 98978K, committed 99648K, reserved 1138688K
  class space    used 13410K, committed 13696K, reserved 1048576K
}
Event: 17.425 GC heap before
{Heap before GC invocations=40 (full 0):
 garbage-first heap   total 165888K, used 130840K [0x0000000080000000, 0x0000000100000000)
  region size 1024K, 45 young (46080K), 6 survivors (6144K)
 Metaspace       used 100293K, committed 100992K, reserved 1138688K
  class space    used 13505K, committed 13824K, reserved 1048576K
}
Event: 17.439 GC heap after
{Heap after GC invocations=41 (full 0):
 garbage-first heap   total 165888K, used 99963K [0x0000000080000000, 0x0000000100000000)
  region size 1024K, 6 young (6144K), 6 survivors (6144K)
 Metaspace       used 100293K, committed 100992K, reserved 1138688K
  class space    used 13505K, committed 13824K, reserved 1048576K
}
Event: 17.493 GC heap before
{Heap before GC invocations=41 (full 0):
 garbage-first heap   total 165888K, used 100987K [0x0000000080000000, 0x0000000100000000)
  region size 1024K, 8 young (8192K), 6 survivors (6144K)
 Metaspace       used 100675K, committed 101376K, reserved 1138688K
  class space    used 13557K, committed 13888K, reserved 1048576K
}

