# JRE version: OpenJDK Runtime Environment (17.0.6) (build 17.0.6+0-b2043.56-10027231)
# Java VM: OpenJDK 64-Bit Server VM (17.0.6+0-b2043.56-10027231, mixed mode, tiered, compressed oops, compressed class ptrs, g1 gc, windows-amd64)
GC Precious Log:
 CPUs: 4 total, 4 available
 Memory: 7998M
 Large Page Support: Disabled
 NUMA Support: Disabled
 Compressed Oops: Enabled (32-bit)
 Heap Region Size: 1M
 Heap Min Capacity: 8M
 Heap Initial Capacity: 126M
 Heap Max Capacity: 2G
 Pre-touch: Disabled
 Parallel Workers: 4
 Concurrent Workers: 1
 Concurrent Refinement Workers: 4
 Periodic GC: Disabled
Heap:
 garbage-first heap   total 78848K, used 52784K [0x0000000080000000, 0x0000000100000000)
  region size 1024K, 24 young (24576K), 3 survivors (3072K)
 Metaspace       used 51347K, committed 51776K, reserved 1097728K
  class space    used 6869K, committed 7040K, reserved 1048576K
GC Heap History (20 events):
Event: 2.186 GC heap before
{Heap before GC invocations=2 (full 0):
 garbage-first heap   total 129024K, used 32994K [0x0000000080000000, 0x0000000100000000)
  region size 1024K, 25 young (25600K), 3 survivors (3072K)
 Metaspace       used 11242K, committed 11456K, reserved 1064960K
  class space    used 1162K, committed 1280K, reserved 1048576K
}
Event: 2.190 GC heap after
{Heap after GC invocations=3 (full 0):
 garbage-first heap   total 129024K, used 13483K [0x0000000080000000, 0x0000000100000000)
  region size 1024K, 3 young (3072K), 3 survivors (3072K)
 Metaspace       used 11242K, committed 11456K, reserved 1064960K
  class space    used 1162K, committed 1280K, reserved 1048576K
}
Event: 4.794 GC heap before
{Heap before GC invocations=3 (full 0):
 garbage-first heap   total 129024K, used 52395K [0x0000000080000000, 0x0000000100000000)
  region size 1024K, 42 young (43008K), 3 survivors (3072K)
 Metaspace       used 21245K, committed 21504K, reserved 1073152K
  class space    used 2570K, committed 2688K, reserved 1048576K
}
Event: 4.804 GC heap after
{Heap after GC invocations=4 (full 0):
 garbage-first heap   total 129024K, used 18256K [0x0000000080000000, 0x0000000100000000)
  region size 1024K, 8 young (8192K), 8 survivors (8192K)
 Metaspace       used 21245K, committed 21504K, reserved 1073152K
  class space    used 2570K, committed 2688K, reserved 1048576K
}
Event: 6.684 GC heap before
{Heap before GC invocations=5 (full 0):
 garbage-first heap   total 65536K, used 48976K [0x0000000080000000, 0x0000000100000000)
  region size 1024K, 38 young (38912K), 8 survivors (8192K)
 Metaspace       used 26029K, committed 26304K, reserved 1073152K
  class space    used 3401K, committed 3520K, reserved 1048576K
}
Event: 6.714 GC heap after
{Heap after GC invocations=6 (full 0):
 garbage-first heap   total 65536K, used 20325K [0x0000000080000000, 0x0000000100000000)
  region size 1024K, 3 young (3072K), 3 survivors (3072K)
 Metaspace       used 26029K, committed 26304K, reserved 1073152K
  class space    used 3401K, committed 3520K, reserved 1048576K
}
Event: 8.310 GC heap before
{Heap before GC invocations=6 (full 0):
 garbage-first heap   total 65536K, used 44901K [0x0000000080000000, 0x0000000100000000)
  region size 1024K, 27 young (27648K), 3 survivors (3072K)
 Metaspace       used 29876K, committed 30144K, reserved 1081344K
  class space    used 4039K, committed 4160K, reserved 1048576K
}
Event: 8.316 GC heap after
{Heap after GC invocations=7 (full 0):
 garbage-first heap   total 65536K, used 21513K [0x0000000080000000, 0x0000000100000000)
  region size 1024K, 4 young (4096K), 4 survivors (4096K)
 Metaspace       used 29876K, committed 30144K, reserved 1081344K
  class space    used 4039K, committed 4160K, reserved 1048576K
}
Event: 10.207 GC heap before
{Heap before GC invocations=7 (full 0):
 garbage-first heap   total 65536K, used 46089K [0x0000000080000000, 0x0000000100000000)
  region size 1024K, 29 young (29696K), 4 survivors (4096K)
 Metaspace       used 34026K, committed 34304K, reserved 1081344K
  class space    used 4682K, committed 4800K, reserved 1048576K
}
Event: 10.213 GC heap after
{Heap after GC invocations=8 (full 0):
 garbage-first heap   total 65536K, used 22894K [0x0000000080000000, 0x0000000100000000)
  region size 1024K, 3 young (3072K), 3 survivors (3072K)
 Metaspace       used 34026K, committed 34304K, reserved 1081344K
  class space    used 4682K, committed 4800K, reserved 1048576K
}
Event: 10.507 GC heap before
{Heap before GC invocations=8 (full 0):
 garbage-first heap   total 65536K, used 30062K [0x0000000080000000, 0x0000000100000000)
  region size 1024K, 11 young (11264K), 3 survivors (3072K)
 Metaspace       used 35624K, committed 35968K, reserved 1081344K
  class space    used 4873K, committed 5056K, reserved 1048576K
}
Event: 10.514 GC heap after
{Heap after GC invocations=9 (full 0):
 garbage-first heap   total 65536K, used 24198K [0x0000000080000000, 0x0000000100000000)
  region size 1024K, 3 young (3072K), 3 survivors (3072K)
 Metaspace       used 35624K, committed 35968K, reserved 1081344K
  class space    used 4873K, committed 5056K, reserved 1048576K
}
Event: 11.171 GC heap before
{Heap before GC invocations=10 (full 0):
 garbage-first heap   total 65536K, used 47750K [0x0000000080000000, 0x0000000100000000)
  region size 1024K, 27 young (27648K), 3 survivors (3072K)
 Metaspace       used 40491K, committed 40832K, reserved 1089536K
  class space    used 5355K, committed 5504K, reserved 1048576K
}
Event: 11.179 GC heap after
{Heap after GC invocations=11 (full 0):
 garbage-first heap   total 65536K, used 27492K [0x0000000080000000, 0x0000000100000000)
  region size 1024K, 4 young (4096K), 4 survivors (4096K)
 Metaspace       used 40491K, committed 40832K, reserved 1089536K
  class space    used 5355K, committed 5504K, reserved 1048576K
}
Event: 11.670 GC heap before
{Heap before GC invocations=11 (full 0):
 garbage-first heap   total 65536K, used 52068K [0x0000000080000000, 0x0000000100000000)
  region size 1024K, 25 young (25600K), 4 survivors (4096K)
 Metaspace       used 42865K, committed 43200K, reserved 1089536K
  class space    used 5609K, committed 5760K, reserved 1048576K
}
Event: 11.677 GC heap after
{Heap after GC invocations=12 (full 0):
 garbage-first heap   total 65536K, used 29398K [0x0000000080000000, 0x0000000100000000)
  region size 1024K, 3 young (3072K), 3 survivors (3072K)
 Metaspace       used 42865K, committed 43200K, reserved 1089536K
  class space    used 5609K, committed 5760K, reserved 1048576K
}
Event: 12.255 GC heap before
{Heap before GC invocations=12 (full 0):
 garbage-first heap   total 65536K, used 48854K [0x0000000080000000, 0x0000000100000000)
  region size 1024K, 22 young (22528K), 3 survivors (3072K)
 Metaspace       used 44628K, committed 45120K, reserved 1089536K
  class space    used 5772K, committed 6016K, reserved 1048576K
}
Event: 12.259 GC heap after
{Heap after GC invocations=13 (full 0):
 garbage-first heap   total 78848K, used 30622K [0x0000000080000000, 0x0000000100000000)
  region size 1024K, 2 young (2048K), 2 survivors (2048K)
 Metaspace       used 44628K, committed 45120K, reserved 1089536K
  class space    used 5772K, committed 6016K, reserved 1048576K
}
Event: 13.367 GC heap before
{Heap before GC invocations=13 (full 0):
 garbage-first heap   total 78848K, used 59294K [0x0000000080000000, 0x0000000100000000)
  region size 1024K, 30 young (30720K), 2 survivors (2048K)
 Metaspace       used 48367K, committed 48832K, reserved 1097728K
  class space    used 6404K, committed 6592K, reserved 1048576K
}
Event: 13.372 GC heap after
{Heap after GC invocations=14 (full 0):
 garbage-first heap   total 78848K, used 32304K [0x0000000080000000, 0x0000000100000000)
  region size 1024K, 3 young (3072K), 3 survivors (3072K)
 Metaspace       used 48367K, committed 48832K, reserved 1097728K
  class space    used 6404K, committed 6592K, reserved 1048576K
}

