# JRE version: OpenJDK Runtime Environment (17.0.6) (build 17.0.6+0-b2043.56-10027231)
# Java VM: OpenJDK 64-Bit Server VM (17.0.6+0-b2043.56-10027231, mixed mode, tiered, compressed oops, compressed class ptrs, g1 gc, windows-amd64)
GC Precious Log:
 CPUs: 4 total, 4 available
 Memory: 7998M
 Large Page Support: Disabled
 NUMA Support: Disabled
 Compressed Oops: Enabled (32-bit)
 Heap Region Size: 1M
 Heap Min Capacity: 8M
 Heap Initial Capacity: 126M
 Heap Max Capacity: 2G
 Pre-touch: Disabled
 Parallel Workers: 4
 Concurrent Workers: 1
 Concurrent Refinement Workers: 4
 Periodic GC: Disabled
Heap:
 garbage-first heap   total 434176K, used 216453K [0x0000000080000000, 0x0000000100000000)
  region size 1024K, 10 young (10240K), 10 survivors (10240K)
 Metaspace       used 141218K, committed 142720K, reserved 1179648K
  class space    used 18716K, committed 19392K, reserved 1048576K
GC Heap History (20 events):
Event: 1580.534 GC heap after
{Heap after GC invocations=70 (full 0):
 garbage-first heap   total 434176K, used 111396K [0x0000000080000000, 0x0000000100000000)
  region size 1024K, 3 young (3072K), 3 survivors (3072K)
 Metaspace       used 124801K, committed 126016K, reserved 1163264K
  class space    used 16675K, committed 17216K, reserved 1048576K
}
Event: 2368.934 GC heap before
{Heap before GC invocations=70 (full 0):
 garbage-first heap   total 434176K, used 353060K [0x0000000080000000, 0x0000000100000000)
  region size 1024K, 241 young (246784K), 3 survivors (3072K)
 Metaspace       used 125143K, committed 126336K, reserved 1163264K
  class space    used 16676K, committed 17216K, reserved 1048576K
}
Event: 2369.119 GC heap after
{Heap after GC invocations=71 (full 0):
 garbage-first heap   total 434176K, used 122402K [0x0000000080000000, 0x0000000100000000)
  region size 1024K, 14 young (14336K), 14 survivors (14336K)
 Metaspace       used 125143K, committed 126336K, reserved 1163264K
  class space    used 16676K, committed 17216K, reserved 1048576K
}
Event: 2978.721 GC heap before
{Heap before GC invocations=72 (full 0):
 garbage-first heap   total 434176K, used 309794K [0x0000000080000000, 0x0000000100000000)
  region size 1024K, 156 young (159744K), 14 survivors (14336K)
 Metaspace       used 127403K, committed 128704K, reserved 1163264K
  class space    used 16984K, committed 17600K, reserved 1048576K
}
Event: 2978.821 GC heap after
{Heap after GC invocations=73 (full 0):
 garbage-first heap   total 434176K, used 150624K [0x0000000080000000, 0x0000000100000000)
  region size 1024K, 10 young (10240K), 10 survivors (10240K)
 Metaspace       used 127403K, committed 128704K, reserved 1163264K
  class space    used 16984K, committed 17600K, reserved 1048576K
}
Event: 2979.056 GC heap before
{Heap before GC invocations=73 (full 0):
 garbage-first heap   total 434176K, used 161888K [0x0000000080000000, 0x0000000100000000)
  region size 1024K, 21 young (21504K), 10 survivors (10240K)
 Metaspace       used 127668K, committed 128960K, reserved 1163264K
  class space    used 17038K, committed 17664K, reserved 1048576K
}
Event: 2979.108 GC heap after
{Heap after GC invocations=74 (full 0):
 garbage-first heap   total 434176K, used 146063K [0x0000000080000000, 0x0000000100000000)
  region size 1024K, 2 young (2048K), 2 survivors (2048K)
 Metaspace       used 127668K, committed 128960K, reserved 1163264K
  class space    used 17038K, committed 17664K, reserved 1048576K
}
Event: 2980.450 GC heap before
{Heap before GC invocations=74 (full 0):
 garbage-first heap   total 434176K, used 179855K [0x0000000080000000, 0x0000000100000000)
  region size 1024K, 36 young (36864K), 2 survivors (2048K)
 Metaspace       used 128564K, committed 129984K, reserved 1163264K
  class space    used 17162K, committed 17792K, reserved 1048576K
}
Event: 2980.469 GC heap after
{Heap after GC invocations=75 (full 0):
 garbage-first heap   total 434176K, used 148973K [0x0000000080000000, 0x0000000100000000)
  region size 1024K, 5 young (5120K), 5 survivors (5120K)
 Metaspace       used 128564K, committed 129984K, reserved 1163264K
  class space    used 17162K, committed 17792K, reserved 1048576K
}
Event: 2986.083 GC heap before
{Heap before GC invocations=76 (full 0):
 garbage-first heap   total 434176K, used 354797K [0x0000000080000000, 0x0000000100000000)
  region size 1024K, 181 young (185344K), 5 survivors (5120K)
 Metaspace       used 131161K, committed 132480K, reserved 1163264K
  class space    used 17528K, committed 18112K, reserved 1048576K
}
Event: 2986.178 GC heap after
{Heap after GC invocations=77 (full 0):
 garbage-first heap   total 434176K, used 200570K [0x0000000080000000, 0x0000000100000000)
  region size 1024K, 23 young (23552K), 23 survivors (23552K)
 Metaspace       used 131161K, committed 132480K, reserved 1163264K
  class space    used 17528K, committed 18112K, reserved 1048576K
}
Event: 2986.202 GC heap before
{Heap before GC invocations=77 (full 0):
 garbage-first heap   total 434176K, used 201594K [0x0000000080000000, 0x0000000100000000)
  region size 1024K, 24 young (24576K), 23 survivors (23552K)
 Metaspace       used 131161K, committed 132480K, reserved 1163264K
  class space    used 17528K, committed 18112K, reserved 1048576K
}
Event: 2986.263 GC heap after
{Heap after GC invocations=78 (full 0):
 garbage-first heap   total 434176K, used 191488K [0x0000000080000000, 0x0000000100000000)
  region size 1024K, 2 young (2048K), 2 survivors (2048K)
 Metaspace       used 131161K, committed 132480K, reserved 1163264K
  class space    used 17528K, committed 18112K, reserved 1048576K
}
Event: 2988.590 GC heap before
{Heap before GC invocations=78 (full 0):
 garbage-first heap   total 434176K, used 333824K [0x0000000080000000, 0x0000000100000000)
  region size 1024K, 141 young (144384K), 2 survivors (2048K)
 Metaspace       used 131162K, committed 132480K, reserved 1163264K
  class space    used 17528K, committed 18112K, reserved 1048576K
}
Event: 2988.610 GC heap after
{Heap after GC invocations=79 (full 0):
 garbage-first heap   total 434176K, used 197835K [0x0000000080000000, 0x0000000100000000)
  region size 1024K, 9 young (9216K), 9 survivors (9216K)
 Metaspace       used 131162K, committed 132480K, reserved 1163264K
  class space    used 17528K, committed 18112K, reserved 1048576K
}
Event: 2991.724 GC heap before
{Heap before GC invocations=80 (full 0):
 garbage-first heap   total 434176K, used 356555K [0x0000000080000000, 0x0000000100000000)
  region size 1024K, 148 young (151552K), 9 survivors (9216K)
 Metaspace       used 136647K, committed 138048K, reserved 1171456K
  class space    used 18101K, committed 18752K, reserved 1048576K
}
Event: 2991.751 GC heap after
{Heap after GC invocations=81 (full 0):
 garbage-first heap   total 434176K, used 211317K [0x0000000080000000, 0x0000000100000000)
  region size 1024K, 19 young (19456K), 19 survivors (19456K)
 Metaspace       used 136647K, committed 138048K, reserved 1171456K
  class space    used 18101K, committed 18752K, reserved 1048576K
}
Event: 2991.777 GC heap before
{Heap before GC invocations=81 (full 0):
 garbage-first heap   total 434176K, used 213365K [0x0000000080000000, 0x0000000100000000)
  region size 1024K, 21 young (21504K), 19 survivors (19456K)
 Metaspace       used 136647K, committed 138048K, reserved 1171456K
  class space    used 18101K, committed 18752K, reserved 1048576K
}
Event: 2991.828 GC heap after
{Heap after GC invocations=82 (full 0):
 garbage-first heap   total 434176K, used 208261K [0x0000000080000000, 0x0000000100000000)
  region size 1024K, 2 young (2048K), 2 survivors (2048K)
 Metaspace       used 136647K, committed 138048K, reserved 1171456K
  class space    used 18101K, committed 18752K, reserved 1048576K
}
Event: 3670.162 GC heap before
{Heap before GC invocations=82 (full 0):
 garbage-first heap   total 434176K, used 340357K [0x0000000080000000, 0x0000000100000000)
  region size 1024K, 132 young (135168K), 2 survivors (2048K)
 Metaspace       used 141218K, committed 142720K, reserved 1179648K
  class space    used 18716K, committed 19392K, reserved 1048576K
}

