# JRE version: OpenJDK Runtime Environment (17.0.6) (build 17.0.6+0-b2043.56-10027231)
# Java VM: OpenJDK 64-Bit Server VM (17.0.6+0-b2043.56-10027231, mixed mode, tiered, compressed oops, compressed class ptrs, g1 gc, windows-amd64)
GC Precious Log:
 CPUs: 4 total, 4 available
 Memory: 7998M
 Large Page Support: Disabled
 NUMA Support: Disabled
 Compressed Oops: Enabled (32-bit)
 Heap Region Size: 1M
 Heap Min Capacity: 8M
 Heap Initial Capacity: 126M
 Heap Max Capacity: 2G
 Pre-touch: Disabled
 Parallel Workers: 4
 Concurrent Workers: 1
 Concurrent Refinement Workers: 4
 Periodic GC: Disabled
Heap:
 garbage-first heap   total 212992K, used 158627K [0x0000000080000000, 0x0000000100000000)
  region size 1024K, 16 young (16384K), 5 survivors (5120K)
 Metaspace       used 127721K, committed 128640K, reserved 1163264K
  class space    used 17220K, committed 17664K, reserved 1048576K
GC Heap History (20 events):
Event: 117.958 GC heap before
{Heap before GC invocations=37 (full 0):
 garbage-first heap   total 208896K, used 161403K [0x0000000080000000, 0x0000000100000000)
  region size 1024K, 86 young (88064K), 8 survivors (8192K)
 Metaspace       used 92391K, committed 93056K, reserved 1130496K
  class space    used 12550K, committed 12864K, reserved 1048576K
}
Event: 118.077 GC heap after
{Heap after GC invocations=38 (full 0):
 garbage-first heap   total 208896K, used 88350K [0x0000000080000000, 0x0000000100000000)
  region size 1024K, 7 young (7168K), 7 survivors (7168K)
 Metaspace       used 92391K, committed 93056K, reserved 1130496K
  class space    used 12550K, committed 12864K, reserved 1048576K
}
Event: 121.942 GC heap before
{Heap before GC invocations=38 (full 0):
 garbage-first heap   total 208896K, used 166174K [0x0000000080000000, 0x0000000100000000)
  region size 1024K, 83 young (84992K), 7 survivors (7168K)
 Metaspace       used 98358K, committed 99072K, reserved 1138688K
  class space    used 13281K, committed 13632K, reserved 1048576K
}
Event: 121.971 GC heap after
{Heap after GC invocations=39 (full 0):
 garbage-first heap   total 208896K, used 96818K [0x0000000080000000, 0x0000000100000000)
  region size 1024K, 10 young (10240K), 10 survivors (10240K)
 Metaspace       used 98358K, committed 99072K, reserved 1138688K
  class space    used 13281K, committed 13632K, reserved 1048576K
}
Event: 124.070 GC heap before
{Heap before GC invocations=39 (full 0):
 garbage-first heap   total 208896K, used 166450K [0x0000000080000000, 0x0000000100000000)
  region size 1024K, 77 young (78848K), 10 survivors (10240K)
 Metaspace       used 103585K, committed 104320K, reserved 1146880K
  class space    used 13879K, committed 14272K, reserved 1048576K
}
Event: 124.092 GC heap after
{Heap after GC invocations=40 (full 0):
 garbage-first heap   total 208896K, used 101295K [0x0000000080000000, 0x0000000100000000)
  region size 1024K, 4 young (4096K), 4 survivors (4096K)
 Metaspace       used 103585K, committed 104320K, reserved 1146880K
  class space    used 13879K, committed 14272K, reserved 1048576K
}
Event: 126.365 GC heap before
{Heap before GC invocations=40 (full 0):
 garbage-first heap   total 208896K, used 167855K [0x0000000080000000, 0x0000000100000000)
  region size 1024K, 70 young (71680K), 4 survivors (4096K)
 Metaspace       used 117529K, committed 118272K, reserved 1155072K
  class space    used 16020K, committed 16384K, reserved 1048576K
}
Event: 126.381 GC heap after
{Heap after GC invocations=41 (full 0):
 garbage-first heap   total 208896K, used 101489K [0x0000000080000000, 0x0000000100000000)
  region size 1024K, 6 young (6144K), 6 survivors (6144K)
 Metaspace       used 117529K, committed 118272K, reserved 1155072K
  class space    used 16020K, committed 16384K, reserved 1048576K
}
Event: 345.487 GC heap before
{Heap before GC invocations=41 (full 0):
 garbage-first heap   total 208896K, used 186481K [0x0000000080000000, 0x0000000100000000)
  region size 1024K, 73 young (74752K), 6 survivors (6144K)
 Metaspace       used 121155K, committed 121984K, reserved 1155072K
  class space    used 16575K, committed 16960K, reserved 1048576K
}
Event: 345.569 GC heap after
{Heap after GC invocations=42 (full 0):
 garbage-first heap   total 208896K, used 106126K [0x0000000080000000, 0x0000000100000000)
  region size 1024K, 10 young (10240K), 10 survivors (10240K)
 Metaspace       used 121155K, committed 121984K, reserved 1155072K
  class space    used 16575K, committed 16960K, reserved 1048576K
}
Event: 347.853 GC heap before
{Heap before GC invocations=42 (full 0):
 garbage-first heap   total 208896K, used 172686K [0x0000000080000000, 0x0000000100000000)
  region size 1024K, 74 young (75776K), 10 survivors (10240K)
 Metaspace       used 121490K, committed 122304K, reserved 1155072K
  class space    used 16580K, committed 16960K, reserved 1048576K
}
Event: 347.955 GC heap after
{Heap after GC invocations=43 (full 0):
 garbage-first heap   total 208896K, used 122201K [0x0000000080000000, 0x0000000100000000)
  region size 1024K, 10 young (10240K), 10 survivors (10240K)
 Metaspace       used 121490K, committed 122304K, reserved 1155072K
  class space    used 16580K, committed 16960K, reserved 1048576K
}
Event: 693.153 GC heap before
{Heap before GC invocations=43 (full 0):
 garbage-first heap   total 208896K, used 184665K [0x0000000080000000, 0x0000000100000000)
  region size 1024K, 55 young (56320K), 10 survivors (10240K)
 Metaspace       used 122086K, committed 122880K, reserved 1155072K
  class space    used 16592K, committed 16960K, reserved 1048576K
}
Event: 693.299 GC heap after
{Heap after GC invocations=44 (full 0):
 garbage-first heap   total 208896K, used 120209K [0x0000000080000000, 0x0000000100000000)
  region size 1024K, 2 young (2048K), 2 survivors (2048K)
 Metaspace       used 122086K, committed 122880K, reserved 1155072K
  class space    used 16592K, committed 16960K, reserved 1048576K
}
Event: 713.136 GC heap before
{Heap before GC invocations=44 (full 0):
 garbage-first heap   total 208896K, used 169361K [0x0000000080000000, 0x0000000100000000)
  region size 1024K, 51 young (52224K), 2 survivors (2048K)
 Metaspace       used 122404K, committed 123328K, reserved 1155072K
  class space    used 16621K, committed 17024K, reserved 1048576K
}
Event: 713.171 GC heap after
{Heap after GC invocations=45 (full 0):
 garbage-first heap   total 208896K, used 126180K [0x0000000080000000, 0x0000000100000000)
  region size 1024K, 7 young (7168K), 7 survivors (7168K)
 Metaspace       used 122404K, committed 123328K, reserved 1155072K
  class space    used 16621K, committed 17024K, reserved 1048576K
}
Event: 714.944 GC heap before
{Heap before GC invocations=45 (full 0):
 garbage-first heap   total 208896K, used 172260K [0x0000000080000000, 0x0000000100000000)
  region size 1024K, 51 young (52224K), 7 survivors (7168K)
 Metaspace       used 125277K, committed 126272K, reserved 1163264K
  class space    used 16975K, committed 17472K, reserved 1048576K
}
Event: 715.004 GC heap after
{Heap after GC invocations=46 (full 0):
 garbage-first heap   total 208896K, used 142502K [0x0000000080000000, 0x0000000100000000)
  region size 1024K, 7 young (7168K), 7 survivors (7168K)
 Metaspace       used 125277K, committed 126272K, reserved 1163264K
  class space    used 16975K, committed 17472K, reserved 1048576K
}
Event: 716.070 GC heap before
{Heap before GC invocations=46 (full 0):
 garbage-first heap   total 208896K, used 176294K [0x0000000080000000, 0x0000000100000000)
  region size 1024K, 25 young (25600K), 7 survivors (7168K)
 Metaspace       used 126997K, committed 127936K, reserved 1163264K
  class space    used 17123K, committed 17600K, reserved 1048576K
}
Event: 716.094 GC heap after
{Heap after GC invocations=47 (full 0):
 garbage-first heap   total 208896K, used 150435K [0x0000000080000000, 0x0000000100000000)
  region size 1024K, 5 young (5120K), 5 survivors (5120K)
 Metaspace       used 126997K, committed 127936K, reserved 1163264K
  class space    used 17123K, committed 17600K, reserved 1048576K
}

