# JRE version: OpenJDK Runtime Environment (17.0.6) (build 17.0.6+0-b2043.56-10027231)
# Java VM: OpenJDK 64-Bit Server VM (17.0.6+0-b2043.56-10027231, mixed mode, tiered, compressed oops, compressed class ptrs, g1 gc, windows-amd64)
GC Precious Log:
 CPUs: 4 total, 4 available
 Memory: 7998M
 Large Page Support: Disabled
 NUMA Support: Disabled
 Compressed Oops: Enabled (32-bit)
 Heap Region Size: 1M
 Heap Min Capacity: 8M
 Heap Initial Capacity: 126M
 Heap Max Capacity: 2G
 Pre-touch: Disabled
 Parallel Workers: 4
 Concurrent Workers: 1
 Concurrent Refinement Workers: 4
 Periodic GC: Disabled
Heap:
 garbage-first heap   total 266240K, used 125795K [0x0000000080000000, 0x0000000100000000)
  region size 1024K, 46 young (47104K), 15 survivors (15360K)
 Metaspace       used 101618K, committed 102336K, reserved 1138688K
  class space    used 13608K, committed 13952K, reserved 1048576K
GC Heap History (20 events):
Event: 17.320 GC heap before
{Heap before GC invocations=38 (full 0):
 garbage-first heap   total 106496K, used 85304K [0x0000000080000000, 0x0000000100000000)
  region size 1024K, 28 young (28672K), 1 survivors (1024K)
 Metaspace       used 80105K, committed 80704K, reserved 1122304K
  class space    used 10865K, committed 11136K, reserved 1048576K
}
Event: 17.326 GC heap after
{Heap after GC invocations=39 (full 0):
 garbage-first heap   total 129024K, used 59957K [0x0000000080000000, 0x0000000100000000)
  region size 1024K, 3 young (3072K), 3 survivors (3072K)
 Metaspace       used 80105K, committed 80704K, reserved 1122304K
  class space    used 10865K, committed 11136K, reserved 1048576K
}
Event: 18.695 GC heap before
{Heap before GC invocations=40 (full 0):
 garbage-first heap   total 129024K, used 100917K [0x0000000080000000, 0x0000000100000000)
  region size 1024K, 43 young (44032K), 3 survivors (3072K)
 Metaspace       used 84485K, committed 85120K, reserved 1122304K
  class space    used 11553K, committed 11840K, reserved 1048576K
}
Event: 18.704 GC heap after
{Heap after GC invocations=41 (full 0):
 garbage-first heap   total 129024K, used 62130K [0x0000000080000000, 0x0000000100000000)
  region size 1024K, 5 young (5120K), 5 survivors (5120K)
 Metaspace       used 84485K, committed 85120K, reserved 1122304K
  class space    used 11553K, committed 11840K, reserved 1048576K
}
Event: 18.737 GC heap before
{Heap before GC invocations=41 (full 0):
 garbage-first heap   total 129024K, used 63154K [0x0000000080000000, 0x0000000100000000)
  region size 1024K, 6 young (6144K), 5 survivors (5120K)
 Metaspace       used 84550K, committed 85184K, reserved 1122304K
  class space    used 11561K, committed 11840K, reserved 1048576K
}
Event: 18.746 GC heap after
{Heap after GC invocations=42 (full 0):
 garbage-first heap   total 129024K, used 62174K [0x0000000080000000, 0x0000000100000000)
  region size 1024K, 1 young (1024K), 1 survivors (1024K)
 Metaspace       used 84550K, committed 85184K, reserved 1122304K
  class space    used 11561K, committed 11840K, reserved 1048576K
}
Event: 20.303 GC heap before
{Heap before GC invocations=42 (full 0):
 garbage-first heap   total 129024K, used 102110K [0x0000000080000000, 0x0000000100000000)
  region size 1024K, 40 young (40960K), 1 survivors (1024K)
 Metaspace       used 88056K, committed 88768K, reserved 1130496K
  class space    used 12006K, committed 12352K, reserved 1048576K
}
Event: 20.311 GC heap after
{Heap after GC invocations=43 (full 0):
 garbage-first heap   total 129024K, used 65909K [0x0000000080000000, 0x0000000100000000)
  region size 1024K, 5 young (5120K), 5 survivors (5120K)
 Metaspace       used 88056K, committed 88768K, reserved 1130496K
  class space    used 12006K, committed 12352K, reserved 1048576K
}
Event: 21.219 GC heap before
{Heap before GC invocations=44 (full 0):
 garbage-first heap   total 129024K, used 103797K [0x0000000080000000, 0x0000000100000000)
  region size 1024K, 42 young (43008K), 5 survivors (5120K)
 Metaspace       used 88905K, committed 89600K, reserved 1130496K
  class space    used 12158K, committed 12480K, reserved 1048576K
}
Event: 21.231 GC heap after
{Heap after GC invocations=45 (full 0):
 garbage-first heap   total 129024K, used 71903K [0x0000000080000000, 0x0000000100000000)
  region size 1024K, 6 young (6144K), 6 survivors (6144K)
 Metaspace       used 88905K, committed 89600K, reserved 1130496K
  class space    used 12158K, committed 12480K, reserved 1048576K
}
Event: 21.281 GC heap before
{Heap before GC invocations=45 (full 0):
 garbage-first heap   total 129024K, used 72927K [0x0000000080000000, 0x0000000100000000)
  region size 1024K, 7 young (7168K), 6 survivors (6144K)
 Metaspace       used 89047K, committed 89664K, reserved 1130496K
  class space    used 12187K, committed 12480K, reserved 1048576K
}
Event: 21.290 GC heap after
{Heap after GC invocations=46 (full 0):
 garbage-first heap   total 129024K, used 72669K [0x0000000080000000, 0x0000000100000000)
  region size 1024K, 1 young (1024K), 1 survivors (1024K)
 Metaspace       used 89047K, committed 89664K, reserved 1130496K
  class space    used 12187K, committed 12480K, reserved 1048576K
}
Event: 22.164 GC heap before
{Heap before GC invocations=46 (full 0):
 garbage-first heap   total 129024K, used 104413K [0x0000000080000000, 0x0000000100000000)
  region size 1024K, 32 young (32768K), 1 survivors (1024K)
 Metaspace       used 89963K, committed 90688K, reserved 1130496K
  class space    used 12334K, committed 12672K, reserved 1048576K
}
Event: 22.172 GC heap after
{Heap after GC invocations=47 (full 0):
 garbage-first heap   total 129024K, used 75730K [0x0000000080000000, 0x0000000100000000)
  region size 1024K, 4 young (4096K), 4 survivors (4096K)
 Metaspace       used 89963K, committed 90688K, reserved 1130496K
  class space    used 12334K, committed 12672K, reserved 1048576K
}
Event: 22.836 GC heap before
{Heap before GC invocations=48 (full 0):
 garbage-first heap   total 133120K, used 104402K [0x0000000080000000, 0x0000000100000000)
  region size 1024K, 33 young (33792K), 4 survivors (4096K)
 Metaspace       used 90235K, committed 90944K, reserved 1130496K
  class space    used 12340K, committed 12672K, reserved 1048576K
}
Event: 22.844 GC heap after
{Heap after GC invocations=49 (full 0):
 garbage-first heap   total 133120K, used 77981K [0x0000000080000000, 0x0000000100000000)
  region size 1024K, 3 young (3072K), 3 survivors (3072K)
 Metaspace       used 90235K, committed 90944K, reserved 1130496K
  class space    used 12340K, committed 12672K, reserved 1048576K
}
Event: 22.892 GC heap before
{Heap before GC invocations=49 (full 0):
 garbage-first heap   total 133120K, used 80029K [0x0000000080000000, 0x0000000100000000)
  region size 1024K, 6 young (6144K), 3 survivors (3072K)
 Metaspace       used 90373K, committed 91008K, reserved 1130496K
  class space    used 12367K, committed 12672K, reserved 1048576K
}
Event: 22.897 GC heap after
{Heap after GC invocations=50 (full 0):
 garbage-first heap   total 266240K, used 78083K [0x0000000080000000, 0x0000000100000000)
  region size 1024K, 1 young (1024K), 1 survivors (1024K)
 Metaspace       used 90373K, committed 91008K, reserved 1130496K
  class space    used 12367K, committed 12672K, reserved 1048576K
}
Event: 26.099 GC heap before
{Heap before GC invocations=50 (full 0):
 garbage-first heap   total 266240K, used 197891K [0x0000000080000000, 0x0000000100000000)
  region size 1024K, 116 young (118784K), 1 survivors (1024K)
 Metaspace       used 99672K, committed 100352K, reserved 1138688K
  class space    used 13423K, committed 13760K, reserved 1048576K
}
Event: 26.133 GC heap after
{Heap after GC invocations=51 (full 0):
 garbage-first heap   total 266240K, used 95075K [0x0000000080000000, 0x0000000100000000)
  region size 1024K, 15 young (15360K), 15 survivors (15360K)
 Metaspace       used 99672K, committed 100352K, reserved 1138688K
  class space    used 13423K, committed 13760K, reserved 1048576K
}

