# JRE version: OpenJDK Runtime Environment (17.0.6) (build 17.0.6+0-b2043.56-10027231)
# Java VM: OpenJDK 64-Bit Server VM (17.0.6+0-b2043.56-10027231, mixed mode, tiered, compressed oops, compressed class ptrs, g1 gc, windows-amd64)
GC Precious Log:
 CPUs: 4 total, 4 available
 Memory: 7998M
 Large Page Support: Disabled
 NUMA Support: Disabled
 Compressed Oops: Enabled (32-bit)
 Heap Region Size: 1M
 Heap Min Capacity: 8M
 Heap Initial Capacity: 126M
 Heap Max Capacity: 2G
 Pre-touch: Disabled
 Parallel Workers: 4
 Concurrent Workers: 1
 Concurrent Refinement Workers: 4
 Periodic GC: Disabled
Heap:
 garbage-first heap   total 258048K, used 165314K [0x0000000080000000, 0x0000000100000000)
  region size 1024K, 42 young (43008K), 2 survivors (2048K)
 Metaspace       used 128287K, committed 129216K, reserved 1163264K
  class space    used 17062K, committed 17536K, reserved 1048576K
GC Heap History (20 events):
Event: 156.312 GC heap before
{Heap before GC invocations=42 (full 0):
 garbage-first heap   total 215040K, used 110194K [0x0000000080000000, 0x0000000100000000)
  region size 1024K, 10 young (10240K), 5 survivors (5120K)
 Metaspace       used 100214K, committed 100992K, reserved 1138688K
  class space    used 13438K, committed 13824K, reserved 1048576K
}
Event: 156.329 GC heap after
{Heap after GC invocations=43 (full 0):
 garbage-first heap   total 215040K, used 99029K [0x0000000080000000, 0x0000000100000000)
  region size 1024K, 2 young (2048K), 2 survivors (2048K)
 Metaspace       used 100214K, committed 100992K, reserved 1138688K
  class space    used 13438K, committed 13824K, reserved 1048576K
}
Event: 243.787 GC heap before
{Heap before GC invocations=43 (full 0):
 garbage-first heap   total 215040K, used 165589K [0x0000000080000000, 0x0000000100000000)
  region size 1024K, 68 young (69632K), 2 survivors (2048K)
 Metaspace       used 100728K, committed 101440K, reserved 1138688K
  class space    used 13466K, committed 13824K, reserved 1048576K
}
Event: 243.916 GC heap after
{Heap after GC invocations=44 (full 0):
 garbage-first heap   total 215040K, used 104270K [0x0000000080000000, 0x0000000100000000)
  region size 1024K, 7 young (7168K), 7 survivors (7168K)
 Metaspace       used 100728K, committed 101440K, reserved 1138688K
  class space    used 13466K, committed 13824K, reserved 1048576K
}
Event: 248.896 GC heap before
{Heap before GC invocations=45 (full 0):
 garbage-first heap   total 215040K, used 168782K [0x0000000080000000, 0x0000000100000000)
  region size 1024K, 71 young (72704K), 7 survivors (7168K)
 Metaspace       used 101382K, committed 102208K, reserved 1138688K
  class space    used 13506K, committed 13888K, reserved 1048576K
}
Event: 248.943 GC heap after
{Heap after GC invocations=46 (full 0):
 garbage-first heap   total 215040K, used 113931K [0x0000000080000000, 0x0000000100000000)
  region size 1024K, 9 young (9216K), 9 survivors (9216K)
 Metaspace       used 101382K, committed 102208K, reserved 1138688K
  class space    used 13506K, committed 13888K, reserved 1048576K
}
Event: 248.954 GC heap before
{Heap before GC invocations=46 (full 0):
 garbage-first heap   total 215040K, used 114955K [0x0000000080000000, 0x0000000100000000)
  region size 1024K, 10 young (10240K), 9 survivors (9216K)
 Metaspace       used 101384K, committed 102208K, reserved 1138688K
  class space    used 13506K, committed 13888K, reserved 1048576K
}
Event: 248.996 GC heap after
{Heap after GC invocations=47 (full 0):
 garbage-first heap   total 215040K, used 107447K [0x0000000080000000, 0x0000000100000000)
  region size 1024K, 1 young (1024K), 1 survivors (1024K)
 Metaspace       used 101384K, committed 102208K, reserved 1138688K
  class space    used 13506K, committed 13888K, reserved 1048576K
}
Event: 250.509 GC heap before
{Heap before GC invocations=47 (full 0):
 garbage-first heap   total 215040K, used 166839K [0x0000000080000000, 0x0000000100000000)
  region size 1024K, 61 young (62464K), 1 survivors (1024K)
 Metaspace       used 108596K, committed 109376K, reserved 1146880K
  class space    used 14408K, committed 14784K, reserved 1048576K
}
Event: 250.519 GC heap after
{Heap after GC invocations=48 (full 0):
 garbage-first heap   total 258048K, used 110832K [0x0000000080000000, 0x0000000100000000)
  region size 1024K, 5 young (5120K), 5 survivors (5120K)
 Metaspace       used 108596K, committed 109376K, reserved 1146880K
  class space    used 14408K, committed 14784K, reserved 1048576K
}
Event: 254.293 GC heap before
{Heap before GC invocations=49 (full 0):
 garbage-first heap   total 258048K, used 200944K [0x0000000080000000, 0x0000000100000000)
  region size 1024K, 91 young (93184K), 5 survivors (5120K)
 Metaspace       used 111440K, committed 112256K, reserved 1146880K
  class space    used 14667K, committed 15104K, reserved 1048576K
}
Event: 254.316 GC heap after
{Heap after GC invocations=50 (full 0):
 garbage-first heap   total 258048K, used 123386K [0x0000000080000000, 0x0000000100000000)
  region size 1024K, 12 young (12288K), 12 survivors (12288K)
 Metaspace       used 111440K, committed 112256K, reserved 1146880K
  class space    used 14667K, committed 15104K, reserved 1048576K
}
Event: 254.335 GC heap before
{Heap before GC invocations=50 (full 0):
 garbage-first heap   total 258048K, used 124410K [0x0000000080000000, 0x0000000100000000)
  region size 1024K, 13 young (13312K), 12 survivors (12288K)
 Metaspace       used 111442K, committed 112256K, reserved 1146880K
  class space    used 14667K, committed 15104K, reserved 1048576K
}
Event: 254.384 GC heap after
{Heap after GC invocations=51 (full 0):
 garbage-first heap   total 258048K, used 116834K [0x0000000080000000, 0x0000000100000000)
  region size 1024K, 2 young (2048K), 2 survivors (2048K)
 Metaspace       used 111442K, committed 112256K, reserved 1146880K
  class space    used 14667K, committed 15104K, reserved 1048576K
}
Event: 256.447 GC heap before
{Heap before GC invocations=51 (full 0):
 garbage-first heap   total 258048K, used 186466K [0x0000000080000000, 0x0000000100000000)
  region size 1024K, 71 young (72704K), 2 survivors (2048K)
 Metaspace       used 112923K, committed 113792K, reserved 1155072K
  class space    used 14828K, committed 15296K, reserved 1048576K
}
Event: 256.458 GC heap after
{Heap after GC invocations=52 (full 0):
 garbage-first heap   total 258048K, used 120933K [0x0000000080000000, 0x0000000100000000)
  region size 1024K, 6 young (6144K), 6 survivors (6144K)
 Metaspace       used 112923K, committed 113792K, reserved 1155072K
  class space    used 14828K, committed 15296K, reserved 1048576K
}
Event: 258.219 GC heap before
{Heap before GC invocations=53 (full 0):
 garbage-first heap   total 258048K, used 204901K [0x0000000080000000, 0x0000000100000000)
  region size 1024K, 87 young (89088K), 6 survivors (6144K)
 Metaspace       used 125370K, committed 126208K, reserved 1163264K
  class space    used 16722K, committed 17152K, reserved 1048576K
}
Event: 258.243 GC heap after
{Heap after GC invocations=54 (full 0):
 garbage-first heap   total 258048K, used 129854K [0x0000000080000000, 0x0000000100000000)
  region size 1024K, 11 young (11264K), 11 survivors (11264K)
 Metaspace       used 125370K, committed 126208K, reserved 1163264K
  class space    used 16722K, committed 17152K, reserved 1048576K
}
Event: 258.260 GC heap before
{Heap before GC invocations=54 (full 0):
 garbage-first heap   total 258048K, used 130878K [0x0000000080000000, 0x0000000100000000)
  region size 1024K, 12 young (12288K), 11 survivors (11264K)
 Metaspace       used 125401K, committed 126208K, reserved 1163264K
  class space    used 16724K, committed 17152K, reserved 1048576K
}
Event: 258.298 GC heap after
{Heap after GC invocations=55 (full 0):
 garbage-first heap   total 258048K, used 126402K [0x0000000080000000, 0x0000000100000000)
  region size 1024K, 2 young (2048K), 2 survivors (2048K)
 Metaspace       used 125401K, committed 126208K, reserved 1163264K
  class space    used 16724K, committed 17152K, reserved 1048576K
}

