# JRE version: OpenJDK Runtime Environment (17.0.6) (build 17.0.6+0-b2043.56-10027231)
# Java VM: OpenJDK 64-Bit Server VM (17.0.6+0-b2043.56-10027231, mixed mode, tiered, compressed oops, compressed class ptrs, g1 gc, windows-amd64)
GC Precious Log:
 CPUs: 4 total, 4 available
 Memory: 7998M
 Large Page Support: Disabled
 NUMA Support: Disabled
 Compressed Oops: Enabled (32-bit)
 Heap Region Size: 1M
 Heap Min Capacity: 8M
 Heap Initial Capacity: 126M
 Heap Max Capacity: 2G
 Pre-touch: Disabled
 Parallel Workers: 4
 Concurrent Workers: 1
 Concurrent Refinement Workers: 4
 Periodic GC: Disabled
Heap:
 garbage-first heap   total 303104K, used 219602K [0x0000000080000000, 0x0000000100000000)
  region size 1024K, 132 young (135168K), 1 survivors (1024K)
 Metaspace       used 105622K, committed 106240K, reserved 1146880K
  class space    used 14433K, committed 14720K, reserved 1048576K
GC Heap History (20 events):
Event: 15.819 GC heap before
{Heap before GC invocations=28 (full 0):
 garbage-first heap   total 125952K, used 93749K [0x0000000080000000, 0x0000000100000000)
  region size 1024K, 42 young (43008K), 4 survivors (4096K)
 Metaspace       used 74331K, committed 74944K, reserved 1114112K
  class space    used 9871K, committed 10176K, reserved 1048576K
}
Event: 15.830 GC heap after
{Heap after GC invocations=29 (full 0):
 garbage-first heap   total 125952K, used 56866K [0x0000000080000000, 0x0000000100000000)
  region size 1024K, 5 young (5120K), 5 survivors (5120K)
 Metaspace       used 74331K, committed 74944K, reserved 1114112K
  class space    used 9871K, committed 10176K, reserved 1048576K
}
Event: 16.742 GC heap before
{Heap before GC invocations=29 (full 0):
 garbage-first heap   total 125952K, used 95778K [0x0000000080000000, 0x0000000100000000)
  region size 1024K, 43 young (44032K), 5 survivors (5120K)
 Metaspace       used 78995K, committed 79616K, reserved 1122304K
  class space    used 10708K, committed 11008K, reserved 1048576K
}
Event: 16.755 GC heap after
{Heap after GC invocations=30 (full 0):
 garbage-first heap   total 125952K, used 58771K [0x0000000080000000, 0x0000000100000000)
  region size 1024K, 3 young (3072K), 3 survivors (3072K)
 Metaspace       used 78995K, committed 79616K, reserved 1122304K
  class space    used 10708K, committed 11008K, reserved 1048576K
}
Event: 17.683 GC heap before
{Heap before GC invocations=30 (full 0):
 garbage-first heap   total 125952K, used 96659K [0x0000000080000000, 0x0000000100000000)
  region size 1024K, 40 young (40960K), 3 survivors (3072K)
 Metaspace       used 82766K, committed 83392K, reserved 1122304K
  class space    used 11263K, committed 11584K, reserved 1048576K
}
Event: 17.696 GC heap after
{Heap after GC invocations=31 (full 0):
 garbage-first heap   total 125952K, used 61478K [0x0000000080000000, 0x0000000100000000)
  region size 1024K, 5 young (5120K), 5 survivors (5120K)
 Metaspace       used 82766K, committed 83392K, reserved 1122304K
  class space    used 11263K, committed 11584K, reserved 1048576K
}
Event: 18.597 GC heap before
{Heap before GC invocations=32 (full 0):
 garbage-first heap   total 125952K, used 99366K [0x0000000080000000, 0x0000000100000000)
  region size 1024K, 42 young (43008K), 5 survivors (5120K)
 Metaspace       used 87300K, committed 87936K, reserved 1130496K
  class space    used 11917K, committed 12224K, reserved 1048576K
}
Event: 18.608 GC heap after
{Heap after GC invocations=33 (full 0):
 garbage-first heap   total 125952K, used 64651K [0x0000000080000000, 0x0000000100000000)
  region size 1024K, 6 young (6144K), 6 survivors (6144K)
 Metaspace       used 87300K, committed 87936K, reserved 1130496K
  class space    used 11917K, committed 12224K, reserved 1048576K
}
Event: 18.624 GC heap before
{Heap before GC invocations=33 (full 0):
 garbage-first heap   total 125952K, used 65675K [0x0000000080000000, 0x0000000100000000)
  region size 1024K, 7 young (7168K), 6 survivors (6144K)
 Metaspace       used 87336K, committed 87936K, reserved 1130496K
  class space    used 11922K, committed 12224K, reserved 1048576K
}
Event: 18.632 GC heap after
{Heap after GC invocations=34 (full 0):
 garbage-first heap   total 151552K, used 64996K [0x0000000080000000, 0x0000000100000000)
  region size 1024K, 1 young (1024K), 1 survivors (1024K)
 Metaspace       used 87336K, committed 87936K, reserved 1130496K
  class space    used 11922K, committed 12224K, reserved 1048576K
}
Event: 19.466 GC heap before
{Heap before GC invocations=34 (full 0):
 garbage-first heap   total 151552K, used 119268K [0x0000000080000000, 0x0000000100000000)
  region size 1024K, 54 young (55296K), 1 survivors (1024K)
 Metaspace       used 88870K, committed 89472K, reserved 1130496K
  class space    used 12152K, committed 12480K, reserved 1048576K
}
Event: 19.477 GC heap after
{Heap after GC invocations=35 (full 0):
 garbage-first heap   total 151552K, used 72148K [0x0000000080000000, 0x0000000100000000)
  region size 1024K, 7 young (7168K), 7 survivors (7168K)
 Metaspace       used 88870K, committed 89472K, reserved 1130496K
  class space    used 12152K, committed 12480K, reserved 1048576K
}
Event: 20.659 GC heap before
{Heap before GC invocations=35 (full 0):
 garbage-first heap   total 151552K, used 116180K [0x0000000080000000, 0x0000000100000000)
  region size 1024K, 51 young (52224K), 7 survivors (7168K)
 Metaspace       used 90059K, committed 90752K, reserved 1130496K
  class space    used 12324K, committed 12672K, reserved 1048576K
}
Event: 20.674 GC heap after
{Heap after GC invocations=36 (full 0):
 garbage-first heap   total 151552K, used 77667K [0x0000000080000000, 0x0000000100000000)
  region size 1024K, 6 young (6144K), 6 survivors (6144K)
 Metaspace       used 90059K, committed 90752K, reserved 1130496K
  class space    used 12324K, committed 12672K, reserved 1048576K
}
Event: 21.452 GC heap before
{Heap before GC invocations=36 (full 0):
 garbage-first heap   total 151552K, used 118627K [0x0000000080000000, 0x0000000100000000)
  region size 1024K, 47 young (48128K), 6 survivors (6144K)
 Metaspace       used 90713K, committed 91328K, reserved 1130496K
  class space    used 12375K, committed 12672K, reserved 1048576K
}
Event: 21.463 GC heap after
{Heap after GC invocations=37 (full 0):
 garbage-first heap   total 151552K, used 81234K [0x0000000080000000, 0x0000000100000000)
  region size 1024K, 5 young (5120K), 5 survivors (5120K)
 Metaspace       used 90713K, committed 91328K, reserved 1130496K
  class space    used 12375K, committed 12672K, reserved 1048576K
}
Event: 22.456 GC heap before
{Heap before GC invocations=38 (full 0):
 garbage-first heap   total 151552K, used 120146K [0x0000000080000000, 0x0000000100000000)
  region size 1024K, 44 young (45056K), 5 survivors (5120K)
 Metaspace       used 91175K, committed 91840K, reserved 1130496K
  class space    used 12410K, committed 12736K, reserved 1048576K
}
Event: 22.465 GC heap after
{Heap after GC invocations=39 (full 0):
 garbage-first heap   total 151552K, used 84260K [0x0000000080000000, 0x0000000100000000)
  region size 1024K, 4 young (4096K), 4 survivors (4096K)
 Metaspace       used 91175K, committed 91840K, reserved 1130496K
  class space    used 12410K, committed 12736K, reserved 1048576K
}
Event: 22.500 GC heap before
{Heap before GC invocations=39 (full 0):
 garbage-first heap   total 151552K, used 86308K [0x0000000080000000, 0x0000000100000000)
  region size 1024K, 7 young (7168K), 4 survivors (4096K)
 Metaspace       used 91175K, committed 91840K, reserved 1130496K
  class space    used 12410K, committed 12736K, reserved 1048576K
}
Event: 22.508 GC heap after
{Heap after GC invocations=40 (full 0):
 garbage-first heap   total 303104K, used 84434K [0x0000000080000000, 0x0000000100000000)
  region size 1024K, 1 young (1024K), 1 survivors (1024K)
 Metaspace       used 91175K, committed 91840K, reserved 1130496K
  class space    used 12410K, committed 12736K, reserved 1048576K
}

