# JRE version: OpenJDK Runtime Environment (17.0.6) (build 17.0.6+0-b2043.56-10027231)
# Java VM: OpenJDK 64-Bit Server VM (17.0.6+0-b2043.56-10027231, mixed mode, tiered, compressed oops, compressed class ptrs, g1 gc, windows-amd64)
GC Precious Log:
 CPUs: 4 total, 4 available
 Memory: 7998M
 Large Page Support: Disabled
 NUMA Support: Disabled
 Compressed Oops: Enabled (32-bit)
 Heap Region Size: 1M
 Heap Min Capacity: 8M
 Heap Initial Capacity: 126M
 Heap Max Capacity: 2G
 Pre-touch: Disabled
 Parallel Workers: 4
 Concurrent Workers: 1
 Concurrent Refinement Workers: 4
 Periodic GC: Disabled
Heap:
 garbage-first heap   total 532480K, used 228489K [0x0000000080000000, 0x0000000100000000)
  region size 1024K, 5 young (5120K), 5 survivors (5120K)
 Metaspace       used 145692K, committed 146752K, reserved 1179648K
  class space    used 18991K, committed 19520K, reserved 1048576K
GC Heap History (20 events):
Event: 29.780 GC heap after
{Heap after GC invocations=54 (full 0):
 garbage-first heap   total 532480K, used 178477K [0x0000000080000000, 0x0000000100000000)
  region size 1024K, 8 young (8192K), 8 survivors (8192K)
 Metaspace       used 101679K, committed 102528K, reserved 1138688K
  class space    used 13601K, committed 14016K, reserved 1048576K
}
Event: 4793.704 GC heap before
{Heap before GC invocations=55 (full 0):
 garbage-first heap   total 532480K, used 402733K [0x0000000080000000, 0x0000000100000000)
  region size 1024K, 228 young (233472K), 8 survivors (8192K)
 Metaspace       used 106275K, committed 107264K, reserved 1146880K
  class space    used 14144K, committed 14656K, reserved 1048576K
}
Event: 4793.899 GC heap after
{Heap after GC invocations=56 (full 0):
 garbage-first heap   total 532480K, used 188281K [0x0000000080000000, 0x0000000100000000)
  region size 1024K, 18 young (18432K), 18 survivors (18432K)
 Metaspace       used 106275K, committed 107264K, reserved 1146880K
  class space    used 14144K, committed 14656K, reserved 1048576K
}
Event: 4794.260 GC heap before
{Heap before GC invocations=56 (full 0):
 garbage-first heap   total 532480K, used 195449K [0x0000000080000000, 0x0000000100000000)
  region size 1024K, 26 young (26624K), 18 survivors (18432K)
 Metaspace       used 106329K, committed 107328K, reserved 1146880K
  class space    used 14145K, committed 14656K, reserved 1048576K
}
Event: 4794.314 GC heap after
{Heap after GC invocations=57 (full 0):
 garbage-first heap   total 532480K, used 188674K [0x0000000080000000, 0x0000000100000000)
  region size 1024K, 2 young (2048K), 2 survivors (2048K)
 Metaspace       used 106329K, committed 107328K, reserved 1146880K
  class space    used 14145K, committed 14656K, reserved 1048576K
}
Event: 5710.611 GC heap before
{Heap before GC invocations=57 (full 0):
 garbage-first heap   total 532480K, used 426242K [0x0000000080000000, 0x0000000100000000)
  region size 1024K, 235 young (240640K), 2 survivors (2048K)
 Metaspace       used 107372K, committed 108416K, reserved 1146880K
  class space    used 14192K, committed 14720K, reserved 1048576K
}
Event: 5710.630 GC heap after
{Heap after GC invocations=58 (full 0):
 garbage-first heap   total 532480K, used 197638K [0x0000000080000000, 0x0000000100000000)
  region size 1024K, 11 young (11264K), 11 survivors (11264K)
 Metaspace       used 107372K, committed 108416K, reserved 1146880K
  class space    used 14192K, committed 14720K, reserved 1048576K
}
Event: 6748.762 GC heap before
{Heap before GC invocations=58 (full 0):
 garbage-first heap   total 532480K, used 416774K [0x0000000080000000, 0x0000000100000000)
  region size 1024K, 227 young (232448K), 11 survivors (11264K)
 Metaspace       used 110812K, committed 111936K, reserved 1146880K
  class space    used 14696K, committed 15232K, reserved 1048576K
}
Event: 6748.787 GC heap after
{Heap after GC invocations=59 (full 0):
 garbage-first heap   total 532480K, used 208997K [0x0000000080000000, 0x0000000100000000)
  region size 1024K, 22 young (22528K), 22 survivors (22528K)
 Metaspace       used 110812K, committed 111936K, reserved 1146880K
  class space    used 14696K, committed 15232K, reserved 1048576K
}
Event: 6754.831 GC heap before
{Heap before GC invocations=60 (full 0):
 garbage-first heap   total 532480K, used 453733K [0x0000000080000000, 0x0000000100000000)
  region size 1024K, 243 young (248832K), 22 survivors (22528K)
 Metaspace       used 118883K, committed 119936K, reserved 1155072K
  class space    used 15587K, committed 16128K, reserved 1048576K
}
Event: 6755.132 GC heap after
{Heap after GC invocations=61 (full 0):
 garbage-first heap   total 532480K, used 221998K [0x0000000080000000, 0x0000000100000000)
  region size 1024K, 29 young (29696K), 29 survivors (29696K)
 Metaspace       used 118883K, committed 119936K, reserved 1155072K
  class space    used 15587K, committed 16128K, reserved 1048576K
}
Event: 6755.400 GC heap before
{Heap before GC invocations=61 (full 0):
 garbage-first heap   total 532480K, used 223022K [0x0000000080000000, 0x0000000100000000)
  region size 1024K, 30 young (30720K), 29 survivors (29696K)
 Metaspace       used 118883K, committed 119936K, reserved 1155072K
  class space    used 15587K, committed 16128K, reserved 1048576K
}
Event: 6755.582 GC heap after
{Heap after GC invocations=62 (full 0):
 garbage-first heap   total 532480K, used 218516K [0x0000000080000000, 0x0000000100000000)
  region size 1024K, 2 young (2048K), 2 survivors (2048K)
 Metaspace       used 118883K, committed 119936K, reserved 1155072K
  class space    used 15587K, committed 16128K, reserved 1048576K
}
Event: 6758.632 GC heap before
{Heap before GC invocations=62 (full 0):
 garbage-first heap   total 532480K, used 295316K [0x0000000080000000, 0x0000000100000000)
  region size 1024K, 79 young (80896K), 2 survivors (2048K)
 Metaspace       used 126896K, committed 127936K, reserved 1163264K
  class space    used 16591K, committed 17088K, reserved 1048576K
}
Event: 6758.671 GC heap after
{Heap after GC invocations=63 (full 0):
 garbage-first heap   total 532480K, used 224291K [0x0000000080000000, 0x0000000100000000)
  region size 1024K, 8 young (8192K), 8 survivors (8192K)
 Metaspace       used 126896K, committed 127936K, reserved 1163264K
  class space    used 16591K, committed 17088K, reserved 1048576K
}
Event: 6772.980 GC heap before
{Heap before GC invocations=64 (full 0):
 garbage-first heap   total 532480K, used 436259K [0x0000000080000000, 0x0000000100000000)
  region size 1024K, 213 young (218112K), 8 survivors (8192K)
 Metaspace       used 142465K, committed 143488K, reserved 1179648K
  class space    used 18668K, committed 19200K, reserved 1048576K
}
Event: 6773.062 GC heap after
{Heap after GC invocations=65 (full 0):
 garbage-first heap   total 532480K, used 234510K [0x0000000080000000, 0x0000000100000000)
  region size 1024K, 17 young (17408K), 17 survivors (17408K)
 Metaspace       used 142465K, committed 143488K, reserved 1179648K
  class space    used 18668K, committed 19200K, reserved 1048576K
}
Event: 6773.314 GC heap before
{Heap before GC invocations=65 (full 0):
 garbage-first heap   total 532480K, used 243726K [0x0000000080000000, 0x0000000100000000)
  region size 1024K, 26 young (26624K), 17 survivors (17408K)
 Metaspace       used 142883K, committed 144000K, reserved 1179648K
  class space    used 18682K, committed 19200K, reserved 1048576K
}
Event: 6773.392 GC heap after
{Heap after GC invocations=66 (full 0):
 garbage-first heap   total 532480K, used 225833K [0x0000000080000000, 0x0000000100000000)
  region size 1024K, 2 young (2048K), 2 survivors (2048K)
 Metaspace       used 142883K, committed 144000K, reserved 1179648K
  class space    used 18682K, committed 19200K, reserved 1048576K
}
Event: 6775.089 GC heap before
{Heap before GC invocations=66 (full 0):
 garbage-first heap   total 532480K, used 290345K [0x0000000080000000, 0x0000000100000000)
  region size 1024K, 67 young (68608K), 2 survivors (2048K)
 Metaspace       used 145692K, committed 146752K, reserved 1179648K
  class space    used 18991K, committed 19520K, reserved 1048576K
}

