# JRE version: OpenJDK Runtime Environment (17.0.6) (build 17.0.6+0-b2043.56-10027231)
# Java VM: OpenJDK 64-Bit Server VM (17.0.6+0-b2043.56-10027231, mixed mode, tiered, compressed oops, compressed class ptrs, g1 gc, windows-amd64)
GC Precious Log:
 CPUs: 4 total, 4 available
 Memory: 7998M
 Large Page Support: Disabled
 NUMA Support: Disabled
 Compressed Oops: Enabled (32-bit)
 Heap Region Size: 1M
 Heap Min Capacity: 8M
 Heap Initial Capacity: 126M
 Heap Max Capacity: 2G
 Pre-touch: Disabled
 Parallel Workers: 4
 Concurrent Workers: 1
 Concurrent Refinement Workers: 4
 Periodic GC: Disabled
Heap:
 garbage-first heap   total 191488K, used 112089K [0x0000000080000000, 0x0000000100000000)
  region size 1024K, 2 young (2048K), 2 survivors (2048K)
 Metaspace       used 107572K, committed 108352K, reserved 1146880K
  class space    used 14337K, committed 14720K, reserved 1048576K
GC Heap History (20 events):
Event: 24.220 GC heap after
{Heap after GC invocations=44 (full 0):
 garbage-first heap   total 135168K, used 78804K [0x0000000080000000, 0x0000000100000000)
  region size 1024K, 1 young (1024K), 1 survivors (1024K)
 Metaspace       used 90173K, committed 90816K, reserved 1130496K
  class space    used 12331K, committed 12672K, reserved 1048576K
}
Event: 24.604 GC heap before
{Heap before GC invocations=44 (full 0):
 garbage-first heap   total 135168K, used 94164K [0x0000000080000000, 0x0000000100000000)
  region size 1024K, 18 young (18432K), 1 survivors (1024K)
 Metaspace       used 90644K, committed 91328K, reserved 1130496K
  class space    used 12406K, committed 12736K, reserved 1048576K
}
Event: 24.610 GC heap after
{Heap after GC invocations=45 (full 0):
 garbage-first heap   total 176128K, used 80128K [0x0000000080000000, 0x0000000100000000)
  region size 1024K, 3 young (3072K), 3 survivors (3072K)
 Metaspace       used 90644K, committed 91328K, reserved 1130496K
  class space    used 12406K, committed 12736K, reserved 1048576K
}
Event: 26.029 GC heap before
{Heap before GC invocations=45 (full 0):
 garbage-first heap   total 176128K, used 133376K [0x0000000080000000, 0x0000000100000000)
  region size 1024K, 55 young (56320K), 3 survivors (3072K)
 Metaspace       used 94277K, committed 94976K, reserved 1138688K
  class space    used 12780K, committed 13120K, reserved 1048576K
}
Event: 26.041 GC heap after
{Heap after GC invocations=46 (full 0):
 garbage-first heap   total 176128K, used 83053K [0x0000000080000000, 0x0000000100000000)
  region size 1024K, 6 young (6144K), 6 survivors (6144K)
 Metaspace       used 94277K, committed 94976K, reserved 1138688K
  class space    used 12780K, committed 13120K, reserved 1048576K
}
Event: 27.160 GC heap before
{Heap before GC invocations=46 (full 0):
 garbage-first heap   total 176128K, used 137325K [0x0000000080000000, 0x0000000100000000)
  region size 1024K, 60 young (61440K), 6 survivors (6144K)
 Metaspace       used 95332K, committed 95936K, reserved 1138688K
  class space    used 12900K, committed 13184K, reserved 1048576K
}
Event: 27.173 GC heap after
{Heap after GC invocations=47 (full 0):
 garbage-first heap   total 176128K, used 87384K [0x0000000080000000, 0x0000000100000000)
  region size 1024K, 8 young (8192K), 8 survivors (8192K)
 Metaspace       used 95332K, committed 95936K, reserved 1138688K
  class space    used 12900K, committed 13184K, reserved 1048576K
}
Event: 31.396 GC heap before
{Heap before GC invocations=48 (full 0):
 garbage-first heap   total 176128K, used 139608K [0x0000000080000000, 0x0000000100000000)
  region size 1024K, 60 young (61440K), 8 survivors (8192K)
 Metaspace       used 96495K, committed 97152K, reserved 1138688K
  class space    used 13034K, committed 13376K, reserved 1048576K
}
Event: 31.424 GC heap after
{Heap after GC invocations=49 (full 0):
 garbage-first heap   total 176128K, used 92456K [0x0000000080000000, 0x0000000100000000)
  region size 1024K, 6 young (6144K), 6 survivors (6144K)
 Metaspace       used 96495K, committed 97152K, reserved 1138688K
  class space    used 13034K, committed 13376K, reserved 1048576K
}
Event: 31.496 GC heap before
{Heap before GC invocations=49 (full 0):
 garbage-first heap   total 176128K, used 93480K [0x0000000080000000, 0x0000000100000000)
  region size 1024K, 8 young (8192K), 6 survivors (6144K)
 Metaspace       used 96543K, committed 97216K, reserved 1138688K
  class space    used 13040K, committed 13376K, reserved 1048576K
}
Event: 31.510 GC heap after
{Heap after GC invocations=50 (full 0):
 garbage-first heap   total 176128K, used 92740K [0x0000000080000000, 0x0000000100000000)
  region size 1024K, 1 young (1024K), 1 survivors (1024K)
 Metaspace       used 96543K, committed 97216K, reserved 1138688K
  class space    used 13040K, committed 13376K, reserved 1048576K
}
Event: 33.203 GC heap before
{Heap before GC invocations=50 (full 0):
 garbage-first heap   total 176128K, used 140868K [0x0000000080000000, 0x0000000100000000)
  region size 1024K, 49 young (50176K), 1 survivors (1024K)
 Metaspace       used 98223K, committed 98944K, reserved 1138688K
  class space    used 13255K, committed 13632K, reserved 1048576K
}
Event: 33.211 GC heap after
{Heap after GC invocations=51 (full 0):
 garbage-first heap   total 176128K, used 97053K [0x0000000080000000, 0x0000000100000000)
  region size 1024K, 6 young (6144K), 6 survivors (6144K)
 Metaspace       used 98223K, committed 98944K, reserved 1138688K
  class space    used 13255K, committed 13632K, reserved 1048576K
}
Event: 33.975 GC heap before
{Heap before GC invocations=51 (full 0):
 garbage-first heap   total 176128K, used 127773K [0x0000000080000000, 0x0000000100000000)
  region size 1024K, 38 young (38912K), 6 survivors (6144K)
 Metaspace       used 104909K, committed 105600K, reserved 1146880K
  class space    used 14082K, committed 14400K, reserved 1048576K
}
Event: 33.988 GC heap after
{Heap after GC invocations=52 (full 0):
 garbage-first heap   total 176128K, used 100376K [0x0000000080000000, 0x0000000100000000)
  region size 1024K, 4 young (4096K), 4 survivors (4096K)
 Metaspace       used 104909K, committed 105600K, reserved 1146880K
  class space    used 14082K, committed 14400K, reserved 1048576K
}
Event: 35.228 GC heap before
{Heap before GC invocations=53 (full 0):
 garbage-first heap   total 191488K, used 144408K [0x0000000080000000, 0x0000000100000000)
  region size 1024K, 46 young (47104K), 4 survivors (4096K)
 Metaspace       used 106946K, committed 107648K, reserved 1146880K
  class space    used 14311K, committed 14656K, reserved 1048576K
}
Event: 35.251 GC heap after
{Heap after GC invocations=54 (full 0):
 garbage-first heap   total 191488K, used 111193K [0x0000000080000000, 0x0000000100000000)
  region size 1024K, 6 young (6144K), 6 survivors (6144K)
 Metaspace       used 106946K, committed 107648K, reserved 1146880K
  class space    used 14311K, committed 14656K, reserved 1048576K
}
Event: 35.333 GC heap before
{Heap before GC invocations=54 (full 0):
 garbage-first heap   total 191488K, used 114265K [0x0000000080000000, 0x0000000100000000)
  region size 1024K, 9 young (9216K), 6 survivors (6144K)
 Metaspace       used 107097K, committed 107840K, reserved 1146880K
  class space    used 14322K, committed 14720K, reserved 1048576K
}
Event: 35.354 GC heap after
{Heap after GC invocations=55 (full 0):
 garbage-first heap   total 191488K, used 111381K [0x0000000080000000, 0x0000000100000000)
  region size 1024K, 1 young (1024K), 1 survivors (1024K)
 Metaspace       used 107097K, committed 107840K, reserved 1146880K
  class space    used 14322K, committed 14720K, reserved 1048576K
}
Event: 36.150 GC heap before
{Heap before GC invocations=55 (full 0):
 garbage-first heap   total 191488K, used 153365K [0x0000000080000000, 0x0000000100000000)
  region size 1024K, 42 young (43008K), 1 survivors (1024K)
 Metaspace       used 107572K, committed 108352K, reserved 1146880K
  class space    used 14337K, committed 14720K, reserved 1048576K
}

