# JRE version: OpenJDK Runtime Environment (17.0.6) (build 17.0.6+0-b2043.56-10027231)
# Java VM: OpenJDK 64-Bit Server VM (17.0.6+0-b2043.56-10027231, mixed mode, tiered, compressed oops, compressed class ptrs, g1 gc, windows-amd64)
GC Precious Log:
 CPUs: 4 total, 4 available
 Memory: 7998M
 Large Page Support: Disabled
 NUMA Support: Disabled
 Compressed Oops: Enabled (32-bit)
 Heap Region Size: 1M
 Heap Min Capacity: 8M
 Heap Initial Capacity: 126M
 Heap Max Capacity: 2G
 Pre-touch: Disabled
 Parallel Workers: 4
 Concurrent Workers: 1
 Concurrent Refinement Workers: 4
 Periodic GC: Disabled
Heap:
 garbage-first heap   total 403456K, used 143514K [0x0000000080000000, 0x0000000100000000)
  region size 1024K, 5 young (5120K), 5 survivors (5120K)
 Metaspace       used 141094K, committed 142464K, reserved 1179648K
  class space    used 18531K, committed 19200K, reserved 1048576K
GC Heap History (20 events):
Event: 1493.326 GC heap after
{Heap after GC invocations=64 (full 0):
 garbage-first heap   total 403456K, used 132087K [0x0000000080000000, 0x0000000100000000)
  region size 1024K, 3 young (3072K), 3 survivors (3072K)
 Metaspace       used 139100K, committed 140096K, reserved 1171456K
  class space    used 18333K, committed 18816K, reserved 1048576K
}
Event: 1494.897 GC heap before
{Heap before GC invocations=64 (full 0):
 garbage-first heap   total 403456K, used 188407K [0x0000000080000000, 0x0000000100000000)
  region size 1024K, 60 young (61440K), 3 survivors (3072K)
 Metaspace       used 139238K, committed 140288K, reserved 1171456K
  class space    used 18338K, committed 18880K, reserved 1048576K
}
Event: 1494.916 GC heap after
{Heap after GC invocations=65 (full 0):
 garbage-first heap   total 403456K, used 136563K [0x0000000080000000, 0x0000000100000000)
  region size 1024K, 7 young (7168K), 7 survivors (7168K)
 Metaspace       used 139238K, committed 140288K, reserved 1171456K
  class space    used 18338K, committed 18880K, reserved 1048576K
}
Event: 1630.053 GC heap before
{Heap before GC invocations=66 (full 0):
 garbage-first heap   total 403456K, used 327027K [0x0000000080000000, 0x0000000100000000)
  region size 1024K, 177 young (181248K), 7 survivors (7168K)
 Metaspace       used 139720K, committed 140736K, reserved 1171456K
  class space    used 18353K, committed 18880K, reserved 1048576K
}
Event: 1630.136 GC heap after
{Heap after GC invocations=67 (full 0):
 garbage-first heap   total 403456K, used 154945K [0x0000000080000000, 0x0000000100000000)
  region size 1024K, 23 young (23552K), 23 survivors (23552K)
 Metaspace       used 139720K, committed 140736K, reserved 1171456K
  class space    used 18353K, committed 18880K, reserved 1048576K
}
Event: 1630.153 GC heap before
{Heap before GC invocations=67 (full 0):
 garbage-first heap   total 403456K, used 155969K [0x0000000080000000, 0x0000000100000000)
  region size 1024K, 24 young (24576K), 23 survivors (23552K)
 Metaspace       used 139720K, committed 140736K, reserved 1171456K
  class space    used 18353K, committed 18880K, reserved 1048576K
}
Event: 1630.258 GC heap after
{Heap after GC invocations=68 (full 0):
 garbage-first heap   total 403456K, used 143952K [0x0000000080000000, 0x0000000100000000)
  region size 1024K, 1 young (1024K), 1 survivors (1024K)
 Metaspace       used 139720K, committed 140736K, reserved 1171456K
  class space    used 18353K, committed 18880K, reserved 1048576K
}
Event: 1631.716 GC heap before
{Heap before GC invocations=68 (full 0):
 garbage-first heap   total 403456K, used 177744K [0x0000000080000000, 0x0000000100000000)
  region size 1024K, 36 young (36864K), 1 survivors (1024K)
 Metaspace       used 139776K, committed 140864K, reserved 1171456K
  class space    used 18353K, committed 18880K, reserved 1048576K
}
Event: 1631.732 GC heap after
{Heap after GC invocations=69 (full 0):
 garbage-first heap   total 403456K, used 145425K [0x0000000080000000, 0x0000000100000000)
  region size 1024K, 3 young (3072K), 3 survivors (3072K)
 Metaspace       used 139776K, committed 140864K, reserved 1171456K
  class space    used 18353K, committed 18880K, reserved 1048576K
}
Event: 1810.821 GC heap before
{Heap before GC invocations=70 (full 0):
 garbage-first heap   total 403456K, used 330769K [0x0000000080000000, 0x0000000100000000)
  region size 1024K, 170 young (174080K), 3 survivors (3072K)
 Metaspace       used 140704K, committed 142080K, reserved 1179648K
  class space    used 18530K, committed 19200K, reserved 1048576K
}
Event: 1810.903 GC heap after
{Heap after GC invocations=71 (full 0):
 garbage-first heap   total 403456K, used 160712K [0x0000000080000000, 0x0000000100000000)
  region size 1024K, 18 young (18432K), 18 survivors (18432K)
 Metaspace       used 140704K, committed 142080K, reserved 1179648K
  class space    used 18530K, committed 19200K, reserved 1048576K
}
Event: 1810.911 GC heap before
{Heap before GC invocations=71 (full 0):
 garbage-first heap   total 403456K, used 161736K [0x0000000080000000, 0x0000000100000000)
  region size 1024K, 19 young (19456K), 18 survivors (18432K)
 Metaspace       used 140704K, committed 142080K, reserved 1179648K
  class space    used 18530K, committed 19200K, reserved 1048576K
}
Event: 1811.034 GC heap after
{Heap after GC invocations=72 (full 0):
 garbage-first heap   total 403456K, used 144539K [0x0000000080000000, 0x0000000100000000)
  region size 1024K, 2 young (2048K), 2 survivors (2048K)
 Metaspace       used 140704K, committed 142080K, reserved 1179648K
  class space    used 18530K, committed 19200K, reserved 1048576K
}
Event: 1812.501 GC heap before
{Heap before GC invocations=72 (full 0):
 garbage-first heap   total 403456K, used 194715K [0x0000000080000000, 0x0000000100000000)
  region size 1024K, 53 young (54272K), 2 survivors (2048K)
 Metaspace       used 140802K, committed 142144K, reserved 1179648K
  class space    used 18531K, committed 19200K, reserved 1048576K
}
Event: 1812.518 GC heap after
{Heap after GC invocations=73 (full 0):
 garbage-first heap   total 403456K, used 147235K [0x0000000080000000, 0x0000000100000000)
  region size 1024K, 5 young (5120K), 5 survivors (5120K)
 Metaspace       used 140802K, committed 142144K, reserved 1179648K
  class space    used 18531K, committed 19200K, reserved 1048576K
}
Event: 2011.597 GC heap before
{Heap before GC invocations=74 (full 0):
 garbage-first heap   total 403456K, used 325411K [0x0000000080000000, 0x0000000100000000)
  region size 1024K, 147 young (150528K), 5 survivors (5120K)
 Metaspace       used 141004K, committed 142400K, reserved 1179648K
  class space    used 18531K, committed 19200K, reserved 1048576K
}
Event: 2011.677 GC heap after
{Heap after GC invocations=75 (full 0):
 garbage-first heap   total 403456K, used 158257K [0x0000000080000000, 0x0000000100000000)
  region size 1024K, 17 young (17408K), 17 survivors (17408K)
 Metaspace       used 141004K, committed 142400K, reserved 1179648K
  class space    used 18531K, committed 19200K, reserved 1048576K
}
Event: 2011.687 GC heap before
{Heap before GC invocations=75 (full 0):
 garbage-first heap   total 403456K, used 160305K [0x0000000080000000, 0x0000000100000000)
  region size 1024K, 19 young (19456K), 17 survivors (17408K)
 Metaspace       used 141004K, committed 142400K, reserved 1179648K
  class space    used 18531K, committed 19200K, reserved 1048576K
}
Event: 2011.792 GC heap after
{Heap after GC invocations=76 (full 0):
 garbage-first heap   total 403456K, used 139930K [0x0000000080000000, 0x0000000100000000)
  region size 1024K, 2 young (2048K), 2 survivors (2048K)
 Metaspace       used 141004K, committed 142400K, reserved 1179648K
  class space    used 18531K, committed 19200K, reserved 1048576K
}
Event: 2012.484 GC heap before
{Heap before GC invocations=76 (full 0):
 garbage-first heap   total 403456K, used 181914K [0x0000000080000000, 0x0000000100000000)
  region size 1024K, 45 young (46080K), 2 survivors (2048K)
 Metaspace       used 141094K, committed 142464K, reserved 1179648K
  class space    used 18531K, committed 19200K, reserved 1048576K
}

